Charm++> No provisioning arguments specified. Running with a single PE.
         Use +auto-provision to fully subscribe resources or +p1 to silence this message.
Charm++: standalone mode (not using charmrun)
Charm++> Running in Multicore mode: 1 threads (PEs)
Charm++> Using recursive bisection (scheme 3) for topology aware partitions
Converse/Charm++ Commit ID: 
CharmLB> Load balancer assumes all CPUs are same.
Charm++> Running on 1 hosts (1 sockets x 10 cores x 1 PUs = 12-way SMP)
Charm++> cpu topology info is gathered in 0.000 seconds.
CharmLB> Load balancing instrumentation for communication is off.
Info: NAMD 3.0.1 for Linux-x86_64-multicore
Info: 
Info: Please visit http://www.ks.uiuc.edu/Research/namd/
Info: for updates, documentation, and support information.
Info: 
Info: Please cite Phillips et al., J. Chem. Phys. 153:044130 (2020) doi:10.1063/5.0014475
Info: in all publications reporting results obtained with NAMD.
Info: 
Info: Based on Charm++/Converse 80000 for multicore-linux-x86_64-gcc
Info: Built Mon Oct 14 11:11:06 CDT 2024 by dhardy on athine.ks.uiuc.edu
Info: 1 NAMD  3.0.1  Linux-x86_64-multicore  1    basudev-HP-Laptop-15s-fq5xxx  basudev
Info: Running on 1 processors, 1 nodes, 1 physical nodes.
Info: CPU topology information available.
Info: Charm++/Converse parallel runtime startup completed at 0.00121088 s
CkLoopLib is used in SMP with simple dynamic scheduling (converse-level notification)
Info: 22.6094 MB of memory in use based on /proc/self/stat
Info: Configuration file is ubq_cooling.conf
Info: Working in the current directory /home/basudev/Downloads/namd-tutorial-files/2-6-heat-diff
TCL: Suspending until startup complete.
Warning: The following variables were set in the
Warning: configuration file but will be ignored:
Warning:    langevinTemp (Langevin)
Warning:    langevinDamping (Langevin)
Warning:    langevinHydrogen (Langevin)
Warning: Option "1-4scaling" has been deprecated. Instead use "oneFourScaling".
Info: SIMULATION PARAMETERS:
Info: TIMESTEP               2
Info: NUMBER OF STEPS        0
Info: STEPS PER CYCLE        10
Info: LOAD BALANCER  Centralized
Info: LOAD BALANCING STRATEGY  New Load Balancers -- DEFAULT
Info: LDB PERIOD             2000 steps
Info: FIRST LDB TIMESTEP     50
Info: LAST LDB TIMESTEP     -1
Info: LDB BACKGROUND SCALING 1
Info: HOM BACKGROUND SCALING 1
Info: MIN ATOMS PER PATCH    40
Info: EMPTY PATCH LOAD       40 ATOMS
Info: INITIAL TEMPERATURE    300
Info: CENTER OF MASS MOVING INITIALLY? NO
Info: DIELECTRIC             1
Info: EXCLUDE                SCALED ONE-FOUR
Info: 1-4 ELECTROSTATICS SCALED BY 1
Info: MODIFIED 1-4 VDW PARAMETERS WILL BE USED
Info: DCD FILENAME           ubq_cooling.dcd
Info: DCD FREQUENCY          500
Info: DCD FIRST STEP         500
Info: XST FILENAME           ubq_cooling.xst
Info: XST FREQUENCY          500
Info: NO VELOCITY DCD OUTPUT
Info: NO FORCE DCD OUTPUT
Info: OUTPUT FILENAME        ubq_cooling
Info: BINARY OUTPUT FILES WILL BE USED
Info: RESTART FILENAME       ubq_cooling.restart
Info: RESTART FREQUENCY      500
Info: BINARY RESTART FILES WILL BE USED
Info: SWITCHING ACTIVE
Info: SWITCHING ON           10
Info: SWITCHING OFF          12
Info: PAIRLIST DISTANCE      13.5
Info: PAIRLIST SHRINK RATE   0.01
Info: PAIRLIST GROW RATE     0.01
Info: PAIRLIST TRIGGER       0.3
Info: PAIRLISTS PER CYCLE    2
Info: PAIRLISTS ENABLED
Info: MARGIN                 0
Info: HYDROGEN GROUP CUTOFF  2.5
Info: PATCH DIMENSION        16
Info: ENERGY OUTPUT STEPS    25
Info: ENERGY EVALUATION STEPS    25
Info: OUTPUT ENERGY PRECISION 4
Info: CROSSTERM ENERGY INCLUDED IN DIHEDRAL
Info: TIMING OUTPUT STEPS    250
Info: HARMONIC CONSTRAINTS ACTIVE
Info: HARMONIC CONS EXP      2
Info: SPHERICAL BOUNDARY CONDITIONS ACTIVE
Info: RADIUS #1              26
Info: FORCE CONSTANT #1      10
Info: EXPONENT #1            2
Info: SPHERE BOUNDARY CENTER(30.3082, 28.805, 15.354)
Info: TEMPERATURE COUPLING ACTIVE
Info: COUPLING TEMPERATURE   200
Info: USING VERLET I (r-RESPA) MTS SCHEME.
Info: C1 SPLITTING OF LONG RANGE ELECTROSTATICS
Info: PLACING ATOMS IN PATCHES BY HYDROGEN GROUPS
Info: RANDOM NUMBER SEED     1748626976
Info: USE HYDROGEN BONDS?    NO
Info: COORDINATE PDB         ../common/ubq_ws.pdb
Info: STRUCTURE FILE         ../common/ubq_ws.psf
Info: PARAMETER file: CHARMM format! 
Info: PARAMETERS             ../common/par_all27_prot_lipid.inp
Info: USING ARITHMETIC MEAN TO COMBINE L-J SIGMA PARAMETERS
Info: BINARY COORDINATES     ../1-2-sphere/ubq_ws_eq.restart.coor
Info: SUMMARY OF PARAMETERS:
Info: 180 BONDS
Info: 447 ANGLES
Info: 566 DIHEDRAL
Info: 46 IMPROPER
Info: 6 CROSSTERM
Info: 119 VDW
Info: 0 VDW_PAIRS
Info: 0 NBTHOLE_PAIRS
Info: TIME FOR READING PSF FILE: 0.0203207
Info: Reading pdb file ../common/ubq_ws.pdb
Info: TIME FOR READING PDB FILE: 0.0045672
Info: 
Info: ****************************
Info: STRUCTURE SUMMARY:
Info: 6682 ATOMS
Info: 4871 BONDS
Info: 4074 ANGLES
Info: 3293 DIHEDRALS
Info: 204 IMPROPERS
Info: 74 CROSSTERMS
Info: 0 EXCLUSIONS
Info: 1961 CONSTRAINTS
Info: 20046 DEGREES OF FREEDOM
Info: 2419 HYDROGEN GROUPS
Info: 4 ATOMS IN LARGEST HYDROGEN GROUP
Info: 2419 MIGRATION GROUPS
Info: 4 ATOMS IN LARGEST MIGRATION GROUP
Info: TOTAL MASS = 41298.8 amu
Info: TOTAL CHARGE = 1.00955e-06 e
Info: *****************************
Info: Reading from binary file ../1-2-sphere/ubq_ws_eq.restart.coor
Info: 
Info: Entering startup at 0.0500932 s, 0.620658 MB of memory in use
Info: Startup phase 0 took 3.0082e-05 s, 0.620658 MB of memory in use
Info: ADDED 12209 IMPLICIT EXCLUSIONS
Info: Startup phase 1 took 0.00267903 s, 0.620658 MB of memory in use
Info: NONBONDED TABLE R-SQUARED SPACING: 0.0625
Info: NONBONDED TABLE SIZE: 769 POINTS
Info: ABSOLUTE IMPRECISION IN FAST TABLE ENERGY: 1.69407e-21 AT 11.9974
Info: RELATIVE IMPRECISION IN FAST TABLE ENERGY: 1.13046e-16 AT 11.9974
Info: INCONSISTENCY IN FAST TABLE ENERGY VS FORCE: 0.000290274 AT 0.251946
Info: INCONSISTENCY IN VDWA TABLE ENERGY VS FORCE: 0.0040507 AT 0.251946
Info: INCONSISTENCY IN VDWB TABLE ENERGY VS FORCE: 0.00150189 AT 0.251946
Info: Startup phase 2 took 0.000351975 s, 0.620658 MB of memory in use
Info: Startup phase 3 took 9.028e-06 s, 0.620658 MB of memory in use
Info: Startup phase 4 took 9.067e-06 s, 0.620658 MB of memory in use
Info: Startup phase 5 took 6.143e-06 s, 0.620658 MB of memory in use
Info: ORIGINAL ATOMS MINMAX IS 4.64527 4.03198 -9.85849  55.8657 54.3132 41.1117
Info: ADJUSTED ATOMS MINMAX IS 11.2276 10.4319 -3.33859  49.288 47.7233 33.8852
Info: PATCH GRID IS 3 BY 3 BY 3
Info: PATCH GRID IS 1-AWAY BY 1-AWAY BY 1-AWAY
Info: REMOVING COM VELOCITY 0.109264 0.043492 0.0557643
Info: LARGEST PATCH (13) HAS 452 ATOMS
Info: TORUS A SIZE 1 USING 0
Info: TORUS B SIZE 1 USING 0
Info: TORUS C SIZE 1 USING 0
Info: TORUS MINIMAL MESH SIZE IS 1 BY 1 BY 1
Info: Placed 100% of base nodes on same physical node as patch
Info: Startup phase 6 took 0.00218133 s, 0.620658 MB of memory in use
Info: Startup phase 7 took 1.212e-05 s, 0.620658 MB of memory in use
Info: Startup phase 8 took 8.354e-06 s, 0.620658 MB of memory in use
Info: Startup phase 9 took 6.902e-06 s, 0.620658 MB of memory in use
Info: Startup phase 10 took 6.149e-06 s, 0.620658 MB of memory in use
Info: Startup phase 11 took 6.587e-06 s, 0.620658 MB of memory in use
LDB: Central LB being created...
Info: Startup phase 12 took 1.6807e-05 s, 0.620658 MB of memory in use
Info: CREATING 379 COMPUTE OBJECTS
Info: Startup phase 13 took 0.000352669 s, 0.620658 MB of memory in use
Info: Startup phase 14 took 1.0932e-05 s, 0.620658 MB of memory in use
Info: Startup phase 15 took 4.1316e-05 s, 0.620658 MB of memory in use
Info: Finished startup at 0.0558217 s, 0.620658 MB of memory in use

TCL: Running for 5000 steps
ETITLE:      TS           BOND          ANGLE          DIHED          IMPRP               ELECT            VDW       BOUNDARY           MISC        KINETIC               TOTAL           TEMP      POTENTIAL         TOTAL3        TEMPAVG

ENERGY:       0       233.9963       700.8265       323.8262        46.8266         -22451.6429      1515.5273         9.1291         0.0000      5978.2193         -13643.2916       300.1473    -19621.5110    -13544.7155       300.1473

OPENING EXTENDED SYSTEM TRAJECTORY FILE
LDB: ============= START OF LOAD BALANCING ============== 0.225916
LDB: ============== END OF LOAD BALANCING =============== 0.225941
LDB: =============== DONE WITH MIGRATION ================ 0.22596
ENERGY:      25      2097.4913      2257.5355       340.5226        39.2266         -26146.3363      1868.2002       371.7863         0.0000      5590.0966         -13581.4771       280.6609    -19171.5738    -13296.3717       274.8730

LDB: ============= START OF LOAD BALANCING ============== 0.895506
LDB: ============== END OF LOAD BALANCING =============== 0.89553
LDB: =============== DONE WITH MIGRATION ================ 0.895568
Info: Initial time: 1 CPUs 0.0167485 s/step 0.0969244 days/ns 0.620658 MB memory
ENERGY:      50      2751.3388      1908.1143       337.2354        40.0992         -26799.2355      2138.0149       533.2444         0.0000      5606.5401         -13484.6484       281.4865    -19091.1885    -13270.9156       275.6267

LDB: ============= START OF LOAD BALANCING ============== 1.06534
LDB: ============== END OF LOAD BALANCING =============== 1.06536
LDB: =============== DONE WITH MIGRATION ================ 1.06538
ENERGY:      75      1376.7919      1477.8565       331.0670        41.5994         -25216.6072      2284.6551       657.5587         0.0000      5520.5313         -13526.5472       277.1683    -19047.0785    -13278.4012       274.6259

LDB: ============= START OF LOAD BALANCING ============== 1.7361
LDB: ============== END OF LOAD BALANCING =============== 1.73612
LDB: =============== DONE WITH MIGRATION ================ 1.73616
Info: Initial time: 1 CPUs 0.0168077 s/step 0.097267 days/ns 0.620658 MB memory
ENERGY:     100      1727.9071      1771.2337       331.3911        45.5147         -25814.9075      2126.1108       655.3996         0.0000      5565.3313         -13592.0191       279.4176    -19157.3504    -13333.6845       275.0002

ENERGY:     125      2918.6954      1808.7587       326.2179        44.4720         -26935.6558      2115.3419       611.7864         0.0000      5539.2924         -13571.0912       278.1102    -19110.3837    -13394.4732       276.1118

LDB: ============= START OF LOAD BALANCING ============== 2.57646
LDB: ============== END OF LOAD BALANCING =============== 2.57648
LDB: =============== DONE WITH MIGRATION ================ 2.57652
Info: Initial time: 1 CPUs 0.0168024 s/step 0.0972362 days/ns 0.620658 MB memory
ENERGY:     150      1908.9866      1683.0048       314.5134        50.6093         -25691.0333      1969.5583       600.6896         0.0000      5507.8437         -13655.8276       276.5313    -19163.6713    -13418.5170       277.2054

ENERGY:     175      1664.1040      1730.0932       326.3110        47.0508         -25320.8727      2001.2564       573.9537         0.0000      5350.6754         -13627.4282       268.6404    -18978.1036    -13449.0250       273.3336

LDB: ============= START OF LOAD BALANCING ============== 3.41404
LDB: ============== END OF LOAD BALANCING =============== 3.41406
LDB: =============== DONE WITH MIGRATION ================ 3.4141
Info: Benchmark time: 1 CPUs 0.0167447 s/step 0.0969021 days/ns 0.620658 MB memory
ENERGY:     200      2589.5433      1708.1985       327.0569        46.7236         -26512.8065      2179.6506       577.8070         0.0000      5369.0919         -13714.7346       269.5650    -19083.8265    -13512.5915       271.8065

ENERGY:     225      2382.6918      1646.8461       311.0535        42.5772         -26210.3653      2043.5427       575.6936         0.0000      5444.3821         -13763.5784       273.3451    -19207.9605    -13547.6846       271.1873

Info: Benchmark time: 1 CPUs 0.0168536 s/step 0.0975322 days/ns 0.620658 MB memory
TIMING: 250  CPU: 4.23299, 0.0167988/step  Wall: 4.23318, 0.0167938/step, 0.0221585 hours remaining, 0.620658 MB of memory in use.
PERFORMANCE: 250  averaging 10.2895 ns/day, 0.0167938 sec/step with standard deviation 0
ETITLE:      TS           BOND          ANGLE          DIHED          IMPRP               ELECT            VDW       BOUNDARY           MISC        KINETIC               TOTAL           TEMP      POTENTIAL         TOTAL3        TEMPAVG

ENERGY:     250      1621.8605      1746.9078       309.1641        41.4555         -25349.7537      1955.9494       601.9291         0.0000      5305.6765         -13766.8107       266.3811    -19072.4872    -13569.6772       270.3409

ENERGY:     275      2121.6698      1756.5181       331.3693        44.1857         -26240.1675      2143.0308       598.2935         0.0000      5401.0001         -13844.1002       271.1670    -19245.1003    -13625.5094       269.7622

Info: Benchmark time: 1 CPUs 0.0167189 s/step 0.0967529 days/ns 0.620658 MB memory
ENERGY:     300      2655.0066      1662.5628       311.9374        38.3392         -26750.8187      2176.2216       617.9408         0.0000      5435.8577         -13852.9526       272.9171    -19288.8103    -13672.7252       270.8441

ENERGY:     325      1878.9816      1727.7421       301.0200        43.2761         -25966.4129      2084.8670       615.9222         0.0000      5417.0738         -13897.5301       271.9740    -19314.6039    -13697.3986       269.7394

Info: Benchmark time: 1 CPUs 0.0166568 s/step 0.0963937 days/ns 0.620658 MB memory
ENERGY:     350      1906.2630      1790.7364       309.4960        44.7539         -26024.5008      2170.9142       613.6434         0.0000      5262.2968         -13926.3971       264.2032    -19188.6940    -13738.6869       269.0053

ENERGY:     375      2555.8915      1643.6492       312.9451        49.4765         -26713.0705      2219.0832       612.6303         0.0000      5340.8637         -13978.5311       268.1477    -19319.3948    -13792.7831       267.6892

Info: Benchmark time: 1 CPUs 0.0166916 s/step 0.0965951 days/ns 0.620658 MB memory
ENERGY:     400      2183.7989      1636.7444       305.7249        40.7684         -26232.5382      2132.3384       600.5533         0.0000      5307.3253         -14025.2845       266.4639    -19332.6099    -13823.2283       266.0157

ENERGY:     425      1800.0755      1779.7750       315.3056        41.6314         -25993.9688      2129.8356       598.6596         0.0000      5285.4387         -14043.2475       265.3650    -19328.6862    -13851.1299       266.0731

Info: Benchmark time: 1 CPUs 0.016711 s/step 0.0967072 days/ns 0.620658 MB memory
ENERGY:     450      2276.3494      1749.3690       319.4356        37.3758         -26698.8857      2290.0075       623.2045         0.0000      5296.4475         -14106.6965       265.9178    -19403.1440    -13902.3171       265.3933

ENERGY:     475      2415.8970      1631.7745       308.5963        38.7224         -26624.0589      2226.6386       609.7233         0.0000      5266.6414         -14126.0653       264.4213    -19392.7067    -13941.7751       263.5566

TIMING: 500  CPU: 8.40847, 0.0167019/step  Wall: 8.41167, 0.016714/step, 0.0208925 hours remaining, 0.620658 MB of memory in use.
PERFORMANCE: 500  averaging 10.314 ns/day, 0.0167539 sec/step with standard deviation 5.64361e-05
ETITLE:      TS           BOND          ANGLE          DIHED          IMPRP               ELECT            VDW       BOUNDARY           MISC        KINETIC               TOTAL           TEMP      POTENTIAL         TOTAL3        TEMPAVG

ENERGY:     500      1874.8094      1724.6665       302.2382        43.8950         -26176.6548      2190.5312       631.9503         0.0000      5240.1774         -14168.3869       263.0926    -19408.5643    -13962.7609       262.8451

WRITING EXTENDED SYSTEM TO RESTART FILE AT STEP 500
OPENING COORDINATE DCD FILE
WRITING COORDINATES TO DCD FILE ubq_cooling.dcd AT STEP 500
WRITING COORDINATES TO RESTART FILE AT STEP 500
FINISHED WRITING RESTART COORDINATES
The last position output (seq=500) takes 0.000 seconds, 0.621 MB of memory in use
WRITING VELOCITIES TO RESTART FILE AT STEP 500
FINISHED WRITING RESTART VELOCITIES
The last velocity output (seq=500) takes 0.000 seconds, 0.621 MB of memory in use
ENERGY:     525      2015.8645      1768.5609       307.2888        43.4752         -26352.2778      2130.9598       626.4424         0.0000      5247.5581         -14212.1279       263.4632    -19459.6861    -14002.0431       262.3189

ENERGY:     550      2478.6482      1622.5061       323.0589        48.6510         -26667.7664      2156.3515       610.9305         0.0000      5196.9921         -14230.6280       260.9244    -19427.6201    -14047.0483       261.7459

ENERGY:     575      2022.5447      1646.2696       308.6719        46.3155         -26422.8408      2275.8826       616.2992         0.0000      5222.5909         -14284.2663       262.2096    -19506.8572    -14074.3672       262.6258

ENERGY:     600      1926.5557      1787.5612       312.1229        40.7148         -26396.9667      2263.3243       638.6539         0.0000      5126.9487         -14301.0851       257.4078    -19428.0338    -14107.7468       261.4773

ENERGY:     625      2315.1203      1667.0814       307.0803        35.8167         -26767.6756      2206.6039       640.6874         0.0000      5243.7926         -14351.4930       263.2741    -19595.2856    -14150.1051       259.7360

ENERGY:     650      2218.4861      1650.3855       306.3707        42.5427         -26751.4974      2299.2110       635.7286         0.0000      5211.2079         -14387.5649       261.6381    -19598.7728    -14184.2612       260.7953

ENERGY:     675      1931.6656      1754.2883       308.0752        35.3683         -26521.9835      2321.9311       622.3513         0.0000      5143.4302         -14404.8736       258.2352    -19548.3037    -14208.6751       260.0720

ENERGY:     700      2144.6315      1659.4290       310.3534        41.5042         -26597.7702      2241.9374       624.0934         0.0000      5123.5008         -14452.3203       257.2347    -19575.8212    -14250.4390       259.8261

ENERGY:     725      2373.1701      1637.2632       308.4886        37.8218         -26729.9314      2156.1786       638.2082         0.0000      5097.6322         -14481.1686       255.9359    -19578.8008    -14284.5474       257.3000

TIMING: 750  CPU: 13.1161, 0.0188306/step  Wall: 13.119, 0.0188294/step, 0.0222292 hours remaining, 0.620658 MB of memory in use.
PERFORMANCE: 750  averaging 9.905 ns/day, 0.0174457 sec/step with standard deviation 0.00119897
ETITLE:      TS           BOND          ANGLE          DIHED          IMPRP               ELECT            VDW       BOUNDARY           MISC        KINETIC               TOTAL           TEMP      POTENTIAL         TOTAL3        TEMPAVG

ENERGY:     750      2029.4309      1724.1862       300.7851        36.9249         -26558.4312      2219.2302       618.7908         0.0000      5123.3690         -14505.7141       257.2280    -19629.0831    -14311.3931       256.6899

ENERGY:     775      2001.4375      1644.8588       315.6106        48.6382         -26656.1376      2338.6973       625.6657         0.0000      5139.5182         -14541.7115       258.0388    -19681.2296    -14343.3396       257.3901

ENERGY:     800      2358.1284      1676.5585       314.0732        40.9834         -26985.7309      2288.7648       633.7896         0.0000      5098.9236         -14574.5093       256.0007    -19673.4330    -14381.8648       256.8576

ENERGY:     825      2163.4745      1739.9530       301.0093        42.4155         -26779.2209      2249.5211       628.2264         0.0000      5059.5262         -14595.0950       254.0227    -19654.6212    -14406.9502       255.3082

ENERGY:     850      1980.7083      1687.7389       290.6981        40.4414         -26668.6625      2315.5151       611.0005         0.0000      5120.6614         -14621.8987       257.0921    -19742.5602    -14433.5326       255.6234

ENERGY:     875      2257.9060      1715.5099       320.0965        42.1766         -26977.6461      2299.3943       596.3722         0.0000      5088.3709         -14657.8197       255.4709    -19746.1906    -14473.6925       257.0769

ENERGY:     900      2233.1980      1630.1862       302.6422        41.1609         -26876.6742      2274.1012       612.8339         0.0000      5078.5220         -14704.0297       254.9764    -19782.5517    -14507.4017       255.6093

ENERGY:     925      1963.9121      1751.4952       298.8075        40.2566         -26747.1008      2328.3283       625.1130         0.0000      5009.1423         -14730.0458       251.4931    -19739.1881    -14533.4952       254.3600

ENERGY:     950      2047.9311      1657.9944       307.7555        41.1696         -26756.1780      2221.2551       637.4449         0.0000      5078.3660         -14764.2613       254.9686    -19842.6273    -14565.6317       254.1554

ENERGY:     975      2295.1667      1669.8091       306.2590        43.9289         -27032.6985      2312.3298       638.9719         0.0000      4982.9010         -14783.3321       250.1756    -19766.2331    -14600.0638       252.1015

TIMING: 1000  CPU: 17.8358, 0.0188789/step  Wall: 17.8372, 0.0188728/step, 0.0209697 hours remaining, 0.620658 MB of memory in use.
PERFORMANCE: 1000  averaging 9.70651 ns/day, 0.0178025 sec/step with standard deviation 0.00121138
ETITLE:      TS           BOND          ANGLE          DIHED          IMPRP               ELECT            VDW       BOUNDARY           MISC        KINETIC               TOTAL           TEMP      POTENTIAL         TOTAL3        TEMPAVG

ENERGY:    1000      2109.7058      1695.7542       307.7542        43.5629         -26905.3323      2280.1126       632.6030         0.0000      5027.5992         -14808.2404       252.4197    -19835.8396    -14623.5037       252.8463

WRITING EXTENDED SYSTEM TO RESTART FILE AT STEP 1000
WRITING COORDINATES TO DCD FILE ubq_cooling.dcd AT STEP 1000
WRITING COORDINATES TO RESTART FILE AT STEP 1000
FINISHED WRITING RESTART COORDINATES
The last position output (seq=1000) takes 0.000 seconds, 0.621 MB of memory in use
WRITING VELOCITIES TO RESTART FILE AT STEP 1000
FINISHED WRITING RESTART VELOCITIES
The last velocity output (seq=1000) takes 0.000 seconds, 0.621 MB of memory in use
ENERGY:    1025      1976.8853      1677.8231       312.7239        36.4188         -26912.6182      2350.4573       624.0536         0.0000      5086.2047         -14848.0514       255.3621    -19934.2561    -14653.3625       253.0295

ENERGY:    1050      2178.0982      1638.2035       303.6410        31.5346         -27110.7820      2350.7801       642.8477         0.0000      5079.4820         -14886.1949       255.0246    -19965.6769    -14687.1203       252.1063

ENERGY:    1075      2209.4091      1728.6105       305.9245        34.9720         -27071.2388      2281.5549       636.2132         0.0000      4971.5699         -14902.9849       249.6067    -19874.5548    -14716.3662       249.7395

ENERGY:    1100      1984.3139      1672.2836       299.1362        38.5133         -26839.8395      2294.2584       617.5101         0.0000      5000.8330         -14932.9909       251.0759    -19933.8240    -14739.1813       248.3599

ENERGY:    1125      2119.3939      1607.2827       294.4616        32.7573         -26880.5435      2288.5342       599.7596         0.0000      4974.1224         -14964.2318       249.7348    -19938.3542    -14769.3717       249.0837

ENERGY:    1150      2257.7657      1674.1277       296.4933        42.9161         -27104.8174      2329.6870       620.5970         0.0000      4898.8603         -14984.3704       245.9562    -19883.2307    -14798.7867       248.8922

ENERGY:    1175      2080.8560      1719.5740       309.9180        43.3096         -27135.8270      2368.6572       626.8807         0.0000      4974.0802         -15012.5514       249.7327    -19986.6315    -14821.4976       247.9849

ENERGY:    1200      2006.7206      1622.8514       316.1305        38.8786         -26937.7424      2343.3277       618.8460         0.0000      4946.6956         -15044.2920       248.3578    -19990.9876    -14850.8480       247.1437

ENERGY:    1225      2236.5121      1673.5233       294.6800        43.6505         -27285.4030      2394.8610       617.0621         0.0000      4957.1162         -15067.9978       248.8810    -20025.1141    -14881.2583       248.3483

TIMING: 1250  CPU: 22.4196, 0.0183351/step  Wall: 22.4211, 0.0183353/step, 0.0190993 hours remaining, 0.620658 MB of memory in use.
PERFORMANCE: 1250  averaging 9.64875 ns/day, 0.0179091 sec/step with standard deviation 0.00107581
ETITLE:      TS           BOND          ANGLE          DIHED          IMPRP               ELECT            VDW       BOUNDARY           MISC        KINETIC               TOTAL           TEMP      POTENTIAL         TOTAL3        TEMPAVG

ENERGY:    1250      2140.1989      1681.6612       306.7834        43.2166         -27239.7525      2470.6243       621.1911         0.0000      4883.6232         -15092.4538       245.1912    -19976.0770    -14907.8811       249.2324

ENERGY:    1275      2029.2816      1682.1174       297.8193        48.2873         -27079.9748      2348.4252       613.8954         0.0000      4948.7850         -15111.3635       248.4627    -20060.1486    -14931.6879       247.2526

ENERGY:    1300      2151.7524      1717.7037       305.0916        45.9521         -27218.9884      2353.6252       622.2470         0.0000      4879.3375         -15143.2790       244.9760    -20022.6165    -14961.1359       245.5296

ENERGY:    1325      2202.4337      1638.5148       286.8402        45.2427         -27212.2478      2330.6482       623.1563         0.0000      4912.0776         -15173.3342       246.6198    -20085.4118    -14989.2976       244.8992

ENERGY:    1350      2030.5256      1703.2811       305.4774        49.5971         -27079.4308      2308.9137       618.9778         0.0000      4867.8689         -15194.7893       244.4002    -20062.6582    -15009.8652       245.0941

ENERGY:    1375      2055.5659      1645.2070       300.7104        40.2689         -27107.9736      2344.8754       620.4600         0.0000      4873.7735         -15227.1125       244.6966    -20100.8860    -15036.0658       244.8248

ENERGY:    1400      2155.1299      1668.2315       298.1049        34.5270         -27289.2057      2342.4378       628.0191         0.0000      4904.4090         -15258.3466       246.2347    -20162.7556    -15061.9169       244.4260

ENERGY:    1425      2120.6826      1663.5153       298.2579        40.1313         -27116.6106      2273.4424       629.9022         0.0000      4826.7927         -15263.8862       242.3379    -20090.6789    -15084.4892       242.8891

ENERGY:    1450      1988.9729      1694.9162       300.7663        41.1947         -27079.8778      2283.3022       624.1240         0.0000      4856.2137         -15290.3878       243.8150    -20146.6015    -15108.0505       241.8586

ENERGY:    1475      2127.7349      1662.9434       299.6860        52.8836         -27282.5214      2295.9456       609.8387         0.0000      4906.8787         -15326.6104       246.3587    -20233.4891    -15136.2824       243.8207

TIMING: 1500  CPU: 27.0194, 0.018399/step  Wall: 27.0217, 0.0184027/step, 0.0178915 hours remaining, 0.620658 MB of memory in use.
PERFORMANCE: 1500  averaging 9.60463 ns/day, 0.0179913 sec/step with standard deviation 0.00098311
ETITLE:      TS           BOND          ANGLE          DIHED          IMPRP               ELECT            VDW       BOUNDARY           MISC        KINETIC               TOTAL           TEMP      POTENTIAL         TOTAL3        TEMPAVG

ENERGY:    1500      2176.2103      1651.0174       302.6450        38.5952         -27368.2024      2394.8074       626.4477         0.0000      4837.0413         -15341.4381       242.8524    -20178.4794    -15161.2152       242.9088

WRITING EXTENDED SYSTEM TO RESTART FILE AT STEP 1500
WRITING COORDINATES TO DCD FILE ubq_cooling.dcd AT STEP 1500
WRITING COORDINATES TO RESTART FILE AT STEP 1500
FINISHED WRITING RESTART COORDINATES
The last position output (seq=1500) takes 0.000 seconds, 0.621 MB of memory in use
WRITING VELOCITIES TO RESTART FILE AT STEP 1500
FINISHED WRITING RESTART VELOCITIES
The last velocity output (seq=1500) takes 0.000 seconds, 0.621 MB of memory in use
ENERGY:    1525      2013.3533      1664.0756       305.1957        48.2839         -27230.1280      2400.3836       627.3290         0.0000      4806.0633         -15365.4437       241.2971    -20171.5070    -15181.8861       241.7725

ENERGY:    1550      2057.4739      1675.1846       301.1963        42.3238         -27397.0833      2448.7184       654.2725         0.0000      4814.8990         -15403.0148       241.7407    -20217.9138    -15207.1026       240.1042

ENERGY:    1575      2160.0925      1645.1215       317.8578        37.6009         -27490.6660      2445.2267       632.6612         0.0000      4829.5083         -15422.5971       242.4742    -20252.1053    -15230.7892       239.2166

ENERGY:    1600      2073.1908      1666.9736       314.6696        34.7592         -27404.1852      2435.7382       646.4889         0.0000      4788.2621         -15444.1029       240.4034    -20232.3649    -15250.0862       240.2108

ENERGY:    1625      2009.8274      1591.7560       307.0511        39.0674         -27321.8810      2441.7960       626.3149         0.0000      4845.1084         -15460.9598       243.2575    -20306.0683    -15272.5709       240.7085

ENERGY:    1650      2137.1737      1688.6983       300.5345        37.3799         -27428.2753      2397.6806       619.7429         0.0000      4758.5424         -15488.5231       238.9112    -20247.0655    -15297.1203       239.9805

ENERGY:    1675      2081.9320      1702.4201       284.8693        39.2033         -27372.5142      2374.4717       616.8337         0.0000      4760.9489         -15511.8352       239.0321    -20272.7841    -15317.2409       239.1698

ENERGY:    1700      2067.4013      1676.8152       294.8971        40.1652         -27226.2575      2332.2190       617.1728         0.0000      4681.3284         -15516.2586       235.0346    -20197.5870    -15339.0934       238.5659

ENERGY:    1725      2118.2184      1599.4457       303.2331        38.1093         -27270.7200      2305.3426       615.1224         0.0000      4752.4156         -15538.8329       238.6036    -20291.2485    -15362.2437       238.4073

TIMING: 1750  CPU: 31.7111, 0.0187671/step  Wall: 31.7159, 0.0187769/step, 0.0169513 hours remaining, 0.620658 MB of memory in use.
PERFORMANCE: 1750  averaging 9.54509 ns/day, 0.0181035 sec/step with standard deviation 0.000945289
ETITLE:      TS           BOND          ANGLE          DIHED          IMPRP               ELECT            VDW       BOUNDARY           MISC        KINETIC               TOTAL           TEMP      POTENTIAL         TOTAL3        TEMPAVG

ENERGY:    1750      2134.3039      1690.6299       295.5751        35.8282         -27468.8663      2383.2696       622.2827         0.0000      4745.8934         -15561.0836       238.2762    -20306.9770    -15384.3411       238.3453

ENERGY:    1775      2013.6588      1648.9669       301.0148        36.9952         -27379.5334      2426.3358       633.6366         0.0000      4728.1656         -15590.7596       237.3861    -20318.9253    -15403.3408       237.9403

ENERGY:    1800      2090.2658      1663.1701       299.2458        33.9797         -27507.6901      2433.8684       615.4786         0.0000      4771.8201         -15599.8615       239.5779    -20371.6817    -15426.4500       237.8532

ENERGY:    1825      2116.1321      1717.7721       303.7836        37.0916         -27689.7574      2557.3704       613.5204         0.0000      4710.8931         -15633.1941       236.5189    -20344.0872    -15451.2081       238.0361

ENERGY:    1850      2039.4332      1651.3510       322.5567        40.2214         -27505.9091      2416.7878       602.1865         0.0000      4773.8827         -15659.4898       239.6814    -20433.3724    -15471.5049       238.3888

ENERGY:    1875      2038.1278      1644.2886       324.6814        40.8335         -27400.7825      2388.1169       590.9119         0.0000      4700.3013         -15673.5212       235.9872    -20373.8225    -15491.0711       237.0194

ENERGY:    1900      2108.2480      1600.1580       301.9463        35.8346         -27643.3173      2484.2626       593.9906         0.0000      4809.2854         -15709.5917       241.4589    -20518.8771    -15515.3301       236.3942

ENERGY:    1925      2092.6849      1671.4715       300.2339        35.1582         -27515.1548      2412.5986       602.3338         0.0000      4685.1915         -15715.4824       235.2285    -20400.6739    -15532.9834       236.7672

ENERGY:    1950      2058.1015      1638.2329       308.1099        37.8409         -27495.2220      2373.7534       616.7012         0.0000      4733.9850         -15728.4971       237.6783    -20462.4821    -15551.4056       235.9428

ENERGY:    1975      2042.1317      1665.7505       301.7768        38.7758         -27456.0244      2366.7197       625.8073         0.0000      4659.8295         -15755.2331       233.9552    -20415.0626    -15573.4564       236.8019

TIMING: 2000  CPU: 36.4309, 0.018879/step  Wall: 36.4336, 0.0188707/step, 0.0157256 hours remaining, 0.620658 MB of memory in use.
PERFORMANCE: 2000  averaging 9.4948 ns/day, 0.0181994 sec/step with standard deviation 0.00091623
ETITLE:      TS           BOND          ANGLE          DIHED          IMPRP               ELECT            VDW       BOUNDARY           MISC        KINETIC               TOTAL           TEMP      POTENTIAL         TOTAL3        TEMPAVG

ENERGY:    2000      2078.5009      1623.4567       306.0626        53.8681         -27582.0202      2420.4253       618.9334         0.0000      4702.6089         -15778.1643       236.1030    -20480.7732    -15593.5096       234.1107

WRITING EXTENDED SYSTEM TO RESTART FILE AT STEP 2000
WRITING COORDINATES TO DCD FILE ubq_cooling.dcd AT STEP 2000
WRITING COORDINATES TO RESTART FILE AT STEP 2000
FINISHED WRITING RESTART COORDINATES
The last position output (seq=2000) takes 0.000 seconds, 0.621 MB of memory in use
WRITING VELOCITIES TO RESTART FILE AT STEP 2000
FINISHED WRITING RESTART VELOCITIES
The last velocity output (seq=2000) takes 0.000 seconds, 0.621 MB of memory in use
ENERGY:    2025      2044.7524      1680.6584       291.8899        41.2588         -27471.7444      2367.4693       611.2019         0.0000      4640.4875         -15794.0262       232.9841    -20434.5137    -15612.5606       232.9976

ENERGY:    2050      1978.8390      1658.4059       289.7308        38.9342         -27534.9536      2479.1520       589.3700         0.0000      4685.5841         -15814.9375       235.2482    -20500.5216    -15630.6693       234.3561

ENERGY:    2075      2110.6889      1652.0481       311.3501        46.6328         -27610.8569      2397.4800       587.5922         0.0000      4679.3919         -15825.6730       234.9374    -20505.0649    -15651.5801       234.2247

ENERGY:    2100      2113.6901      1695.5695       297.0902        45.4388         -27542.1211      2309.4890       603.2765         0.0000      4634.1421         -15843.4248       232.6655    -20477.5669    -15670.0810       233.4544

ENERGY:    2125      1968.3247      1652.6975       292.4809        36.7936         -27593.4184      2453.9032       615.4578         0.0000      4701.1494         -15872.6113       236.0297    -20573.7607    -15686.0672       233.2687

LDB: ============= START OF LOAD BALANCING ============== 39.3209
LDB: ============== END OF LOAD BALANCING =============== 39.321
LDB: =============== DONE WITH MIGRATION ================ 39.321
ENERGY:    2150      2072.1744      1691.3206       311.2605        37.7854         -27694.7784      2481.3216       617.1632         0.0000      4598.3213         -15885.4314       230.8671    -20483.7528    -15707.9617       233.2422

ENERGY:    2175      2117.6626      1648.2437       300.9966        38.7531         -27609.7900      2412.0148       596.9982         0.0000      4594.6282         -15900.4928       230.6816    -20495.1210    -15724.4153       231.5402

LDB: ============= START OF LOAD BALANCING ============== 40.2629
LDB: ============== END OF LOAD BALANCING =============== 40.263
LDB: =============== DONE WITH MIGRATION ================ 40.263
ENERGY:    2200      2045.8367      1672.1484       289.0905        38.7449         -27492.5020      2404.5522       593.3571         0.0000      4536.4234         -15912.3488       227.7594    -20448.7722    -15741.5654       231.1125

ENERGY:    2225      2034.5985      1659.0190       277.6331        37.1847         -27555.3600      2391.7655       598.6668         0.0000      4620.9556         -15935.5368       232.0035    -20556.4924    -15757.2575       230.3757

TIMING: 2250  CPU: 41.1705, 0.0189586/step  Wall: 41.1743, 0.0189627/step, 0.0144854 hours remaining, 0.620658 MB of memory in use.
PERFORMANCE: 2250  averaging 9.45076 ns/day, 0.0182842 sec/step with standard deviation 0.000894022
ETITLE:      TS           BOND          ANGLE          DIHED          IMPRP               ELECT            VDW       BOUNDARY           MISC        KINETIC               TOTAL           TEMP      POTENTIAL         TOTAL3        TEMPAVG

ENERGY:    2250      2125.2507      1612.7635       296.7003        38.0889         -27658.1487      2437.3882       607.8300         0.0000      4582.0188         -15958.1083       230.0486    -20540.1271    -15779.4901       231.0852

ENERGY:    2275      2096.6928      1567.7502       304.5944        41.0362         -27633.0999      2429.0916       600.2160         0.0000      4623.7406         -15969.9781       232.1433    -20593.7187    -15795.2100       231.7535

ENERGY:    2300      1997.1124      1709.5228       303.6284        33.0058         -27780.8211      2431.0906       612.2141         0.0000      4697.7148         -15996.5323       235.8573    -20694.2471    -15809.7459       231.5809

ENERGY:    2325      2117.7361      1653.4738       289.8961        46.1402         -27788.2351      2473.0191       602.2918         0.0000      4598.2224         -16007.4555       230.8621    -20605.6779    -15831.8585       232.1974

ENERGY:    2350      2109.8063      1618.2485       286.7585        38.9667         -27803.7773      2537.2962       611.7509         0.0000      4576.9019         -16024.0483       229.7917    -20600.9502    -15849.5987       230.1520

ENERGY:    2375      2050.5595      1717.5916       289.9156        39.2707         -27629.3057      2347.2925       593.8219         0.0000      4553.3730         -16037.4808       228.6104    -20590.8539    -15865.3568       230.5714

ENERGY:    2400      2058.9918      1689.9901       303.8062        32.7963         -27683.7783      2393.6975       608.1972         0.0000      4546.5254         -16049.7739       228.2666    -20596.2993    -15881.2340       230.1061

ENERGY:    2425      2141.4158      1585.9242       287.8626        39.5896         -27759.7144      2439.5987       608.9942         0.0000      4580.4731         -16075.8561       229.9710    -20656.3292    -15900.3633       228.9013

ENERGY:    2450      2110.9019      1664.2044       283.9613        38.9362         -27809.8340      2495.2422       608.0541         0.0000      4526.9941         -16081.5398       227.2859    -20608.5339    -15915.7386       229.2199

ENERGY:    2475      2042.5234      1669.4130       295.0853        48.3090         -27854.0355      2504.2946       602.5523         0.0000      4589.9749         -16101.8830       230.4480    -20691.8579    -15929.2789       228.6659

TIMING: 2500  CPU: 45.8863, 0.018863/step  Wall: 45.8901, 0.0188633/step, 0.0130995 hours remaining, 0.620658 MB of memory in use.
PERFORMANCE: 2500  averaging 9.42092 ns/day, 0.0183422 sec/step with standard deviation 0.000862554
ETITLE:      TS           BOND          ANGLE          DIHED          IMPRP               ELECT            VDW       BOUNDARY           MISC        KINETIC               TOTAL           TEMP      POTENTIAL         TOTAL3        TEMPAVG

ENERGY:    2500      2091.1531      1630.7634       286.6428        54.3934         -27780.4397      2446.2226       599.7758         0.0000      4543.5429         -16127.9458       228.1168    -20671.4887    -15944.6815       227.7555

WRITING EXTENDED SYSTEM TO RESTART FILE AT STEP 2500
WRITING COORDINATES TO DCD FILE ubq_cooling.dcd AT STEP 2500
WRITING COORDINATES TO RESTART FILE AT STEP 2500
FINISHED WRITING RESTART COORDINATES
The last position output (seq=2500) takes 0.000 seconds, 0.621 MB of memory in use
WRITING VELOCITIES TO RESTART FILE AT STEP 2500
FINISHED WRITING RESTART VELOCITIES
The last velocity output (seq=2500) takes 0.000 seconds, 0.621 MB of memory in use
ENERGY:    2525      2111.6403      1605.1820       297.1617        42.5642         -27815.9462      2465.0986       626.8830         0.0000      4527.5483         -16139.8681       227.3138    -20667.4164    -15960.6738       228.0232

ENERGY:    2550      2032.8148      1638.8575       296.5837        42.5694         -27834.8610      2570.5530       614.2200         0.0000      4488.4156         -16150.8471       225.3490    -20639.2626    -15974.5437       229.3144

ENERGY:    2575      1997.8650      1724.5010       289.8794        38.5566         -27914.5402      2539.9389       586.0659         0.0000      4557.9072         -16179.8262       228.8380    -20737.7334    -15991.8316       228.3655

ENERGY:    2600      2113.8238      1546.8938       289.0627        38.0087         -27837.0419      2488.4834       617.8772         0.0000      4552.8049         -16190.0874       228.5818    -20742.8923    -16011.8824       229.0548

ENERGY:    2625      2042.3707      1608.1193       298.5766        37.1155         -27783.9919      2463.4080       617.7858         0.0000      4515.1059         -16201.5100       226.6891    -20716.6160    -16026.7038       227.4020

ENERGY:    2650      1970.7633      1678.1560       290.1935        48.1574         -27864.1490      2561.8546       616.2885         0.0000      4471.7438         -16226.9918       224.5120    -20698.7356    -16038.2756       226.3910

ENERGY:    2675      2106.7681      1643.8190       304.3644        40.8273         -27899.8064      2447.9221       609.3636         0.0000      4515.5140         -16231.2279       226.7096    -20746.7419    -16055.9162       227.3053

ENERGY:    2700      2051.9266      1594.5696       304.7437        41.4058         -27872.6365      2472.9296       638.4058         0.0000      4521.6919         -16246.9636       227.0197    -20768.6555    -16072.5562       227.3379

ENERGY:    2725      2000.8600      1655.3411       293.1578        39.6647         -27953.8190      2516.3434       620.8168         0.0000      4564.2645         -16263.3708       229.1572    -20827.6353    -16084.3230       225.0766

TIMING: 2750  CPU: 50.5301, 0.0185751/step  Wall: 50.5337, 0.0185742/step, 0.0116089 hours remaining, 0.620658 MB of memory in use.
PERFORMANCE: 2750  averaging 9.4101 ns/day, 0.0183632 sec/step with standard deviation 0.000821276
ETITLE:      TS           BOND          ANGLE          DIHED          IMPRP               ELECT            VDW       BOUNDARY           MISC        KINETIC               TOTAL           TEMP      POTENTIAL         TOTAL3        TEMPAVG

ENERGY:    2750      2071.4772      1656.0170       297.3049        33.6962         -28001.9979      2545.4591       613.0758         0.0000      4514.1526         -16270.8152       226.6412    -20784.9677    -16100.8962       227.3778

ENERGY:    2775      2053.1727      1584.1715       285.8987        33.9562         -27862.8336      2491.8286       614.1481         0.0000      4500.9910         -16298.6670       225.9804    -20799.6579    -16115.5261       225.8169

ENERGY:    2800      1994.9093      1654.6276       288.9898        38.5392         -27819.4605      2460.5054       601.6716         0.0000      4463.6019         -16316.6157       224.1032    -20780.2175    -16130.0778       224.2147

ENERGY:    2825      2059.0559      1652.7701       298.4615        44.4499         -27845.9167      2395.2778       587.8751         0.0000      4502.9181         -16305.1084       226.0772    -20808.0265    -16143.0324       224.3569

ENERGY:    2850      2121.2680      1631.4227       295.5631        38.2854         -27956.6153      2506.1146       590.8157         0.0000      4450.8014         -16322.3445       223.4606    -20773.1459    -16157.1624       225.2748

ENERGY:    2875      2052.2227      1590.1547       298.8479        36.6127         -28043.3545      2602.1688       596.8849         0.0000      4522.1944         -16344.2684       227.0450    -20866.4628    -16170.2287       226.3594

ENERGY:    2900      2106.2612      1689.3017       309.9377        36.2091         -28126.0094      2570.2346       596.1133         0.0000      4474.8641         -16343.0877       224.6687    -20817.9518    -16184.4432       226.2564

ENERGY:    2925      2074.5463      1618.8434       304.0413        36.5375         -27948.2277      2444.7454       595.9408         0.0000      4503.1517         -16370.4214       226.0889    -20873.5730    -16199.9365       224.9648

ENERGY:    2950      2142.6428      1600.7695       308.8552        31.9691         -27947.5623      2403.7176       608.5248         0.0000      4477.8284         -16373.2548       224.8175    -20851.0832    -16215.6296       225.0232

ENERGY:    2975      2064.4168      1638.7037       310.2563        32.2815         -27925.9517      2477.1924       614.4918         0.0000      4406.4384         -16382.1709       221.2332    -20788.6093    -16227.7623       223.5152

TIMING: 3000  CPU: 55.1178, 0.018351/step  Wall: 55.1239, 0.018361/step, 0.0102005 hours remaining, 0.620658 MB of memory in use.
PERFORMANCE: 3000  averaging 9.4102 ns/day, 0.0183631 sec/step with standard deviation 0.000783056
ETITLE:      TS           BOND          ANGLE          DIHED          IMPRP               ELECT            VDW       BOUNDARY           MISC        KINETIC               TOTAL           TEMP      POTENTIAL         TOTAL3        TEMPAVG

ENERGY:    3000      2025.2397      1625.9204       302.0178        33.9020         -28097.1097      2625.1303       605.6368         0.0000      4452.7049         -16426.5577       223.5561    -20879.2626    -16243.5883       223.5415

WRITING EXTENDED SYSTEM TO RESTART FILE AT STEP 3000
WRITING COORDINATES TO DCD FILE ubq_cooling.dcd AT STEP 3000
WRITING COORDINATES TO RESTART FILE AT STEP 3000
FINISHED WRITING RESTART COORDINATES
The last position output (seq=3000) takes 0.000 seconds, 0.621 MB of memory in use
WRITING VELOCITIES TO RESTART FILE AT STEP 3000
FINISHED WRITING RESTART VELOCITIES
ENERGY:    3025      2114.9216      1598.8629       301.1715        38.0303         -28113.9319      2543.1423       595.4639         0.0000      4490.7250         -16431.6145       225.4650    -20922.3394    -16256.6928       224.6050

ENERGY:    3050      2021.3116      1550.9313       317.2187        38.1018         -27979.5007      2492.8312       614.0510         0.0000      4501.8713         -16443.1838       226.0246    -20945.0551    -16269.2634       224.0785

ENERGY:    3075      2037.8635      1701.5572       287.7190        31.7725         -28087.0189      2507.5671       616.0291         0.0000      4451.6541         -16452.8563       223.5034    -20904.5105    -16283.6219       224.6214

ENERGY:    3100      2103.3256      1609.6660       310.1502        33.3357         -28142.0692      2532.5875       608.1772         0.0000      4476.8222         -16468.0048       224.7670    -20944.8270    -16298.2590       222.9483

ENERGY:    3125      2061.9715      1555.3964       315.7703        33.1101         -28098.4450      2625.4961       586.7688         0.0000      4431.9769         -16487.9549       222.5154    -20919.9318    -16312.0503       224.1629

ENERGY:    3150      1989.9975      1610.6512       290.3680        36.7979         -28098.7230      2579.9138       600.6985         0.0000      4489.9919         -16500.3041       225.4282    -20990.2960    -16324.7853       223.8081

ENERGY:    3175      2109.1067      1682.1354       297.5802        33.9844         -28159.1821      2550.9386       599.3760         0.0000      4384.9197         -16501.1411       220.1528    -20886.0608    -16338.1016       223.3424

ENERGY:    3200      2058.7196      1633.3325       311.3345        32.8385         -28087.7408      2517.5404       600.1145         0.0000      4407.0476         -16526.8132       221.2638    -20933.8607    -16350.3069       221.3804

ENERGY:    3225      2009.5051      1628.3842       294.9952        32.7943         -28047.8650      2483.7185       607.5688         0.0000      4461.7932         -16529.1058       224.0124    -20990.8990    -16362.5372       221.8513

TIMING: 3250  CPU: 59.7736, 0.0186231/step  Wall: 59.7773, 0.0186134/step, 0.0090482 hours remaining, 0.620658 MB of memory in use.
PERFORMANCE: 3250  averaging 9.40034 ns/day, 0.0183823 sec/step with standard deviation 0.000752928
ETITLE:      TS           BOND          ANGLE          DIHED          IMPRP               ELECT            VDW       BOUNDARY           MISC        KINETIC               TOTAL           TEMP      POTENTIAL         TOTAL3        TEMPAVG

ENERGY:    3250      2003.6705      1607.4291       300.8550        36.5549         -27915.2495      2408.5767       611.2799         0.0000      4404.2753         -16542.6082       221.1246    -20946.8836    -16376.8420       223.0149

ENERGY:    3275      2050.7406      1609.2351       301.9679        31.6405         -28030.5425      2411.0870       609.7376         0.0000      4447.7735         -16568.3603       223.3085    -21016.1338    -16392.5552       222.1526

ENERGY:    3300      2053.4216      1619.4738       300.4676        34.2938         -28084.9315      2540.9730       615.3782         0.0000      4362.6200         -16558.3035       219.0332    -20920.9234    -16401.5593       220.9199

ENERGY:    3325      1976.0961      1623.1494       288.4501        34.7171         -28067.2392      2541.8636       597.0503         0.0000      4430.5647         -16575.3478       222.4445    -21005.9125    -16413.1407       221.8919

ENERGY:    3350      2080.8805      1617.5373       291.0016        36.8208         -28082.6749      2531.8596       579.2867         0.0000      4355.1395         -16590.1489       218.6577    -20945.2884    -16429.6238       221.9689

ENERGY:    3375      2071.3003      1611.0982       289.7584        38.8986         -28079.5542      2520.0605       598.3675         0.0000      4348.7018         -16601.3689       218.3345    -20950.0707    -16439.0965       219.6760

ENERGY:    3400      1988.2469      1625.0900       291.9978        35.3054         -28065.7580      2565.6022       613.2133         0.0000      4332.6698         -16613.6325       217.5295    -20946.3023    -16448.6103       218.5564

ENERGY:    3425      2039.5053      1616.4162       290.5744        37.3750         -28083.6092      2534.6236       589.1629         0.0000      4349.7051         -16626.2466       218.3848    -20975.9517    -16462.6427       219.8001

ENERGY:    3450      2110.5141      1605.8629       291.0552        35.7595         -28221.5115      2533.9808       597.6636         0.0000      4413.0694         -16633.6060       221.5662    -21046.6755    -16473.4018       220.6654

ENERGY:    3475      2065.6593      1635.4279       292.7112        37.6139         -28161.7161      2513.9930       597.6893         0.0000      4371.9716         -16646.6499       219.5028    -21018.6215    -16483.9485       220.4856

TIMING: 3500  CPU: 64.4893, 0.018863/step  Wall: 64.495, 0.0188711/step, 0.00786295 hours remaining, 0.620658 MB of memory in use.
PERFORMANCE: 3500  averaging 9.38252 ns/day, 0.0184172 sec/step with standard deviation 0.00073509
ETITLE:      TS           BOND          ANGLE          DIHED          IMPRP               ELECT            VDW       BOUNDARY           MISC        KINETIC               TOTAL           TEMP      POTENTIAL         TOTAL3        TEMPAVG

ENERGY:    3500      1983.8435      1586.3368       301.3020        36.5533         -28111.5462      2561.0129       594.1932         0.0000      4382.8072         -16665.4972       220.0468    -21048.3045    -16494.4371       220.2771

WRITING EXTENDED SYSTEM TO RESTART FILE AT STEP 3500
WRITING COORDINATES TO DCD FILE ubq_cooling.dcd AT STEP 3500
WRITING COORDINATES TO RESTART FILE AT STEP 3500
FINISHED WRITING RESTART COORDINATES
The last position output (seq=3500) takes 0.000 seconds, 0.621 MB of memory in use
WRITING VELOCITIES TO RESTART FILE AT STEP 3500
FINISHED WRITING RESTART VELOCITIES
ENERGY:    3525      2056.0142      1576.6417       304.7315        34.0097         -28232.3371      2630.3037       608.4069         0.0000      4342.7258         -16679.5036       218.0344    -21022.2294    -16506.5737       218.6803

ENERGY:    3550      2074.1275      1614.7389       309.0302        31.2983         -28244.0670      2600.8478       624.4414         0.0000      4311.4366         -16678.1464       216.4635    -20989.5830    -16515.6591       218.4207

ENERGY:    3575      2009.6630      1559.7680       301.6352        39.1360         -28223.2937      2670.6507       613.6018         0.0000      4336.7505         -16692.0885       217.7344    -21028.8390    -16524.6326       217.0559

ENERGY:    3600      2049.3257      1649.1441       292.8691        44.3437         -28175.4671      2518.4751       600.4476         0.0000      4322.2869         -16698.5748       217.0083    -21020.8617    -16536.6914       219.4524

ENERGY:    3625      2030.6013      1627.7708       291.1763        32.4436         -28107.0222      2519.7295       606.6325         0.0000      4288.1507         -16710.5176       215.2944    -20998.6683    -16548.0655       218.3345

ENERGY:    3650      2024.5041      1604.7227       293.4074        34.0219         -28158.6954      2542.2712       618.5930         0.0000      4315.6497         -16725.5253       216.6750    -21041.1750    -16556.0329       216.3327

ENERGY:    3675      2017.1678      1562.7264       291.6370        36.6692         -28091.3377      2492.0582       611.5120         0.0000      4346.5716         -16732.9956       218.2275    -21079.5671    -16568.2104       218.6908

ENERGY:    3700      2043.2581      1631.0752       294.5098        30.7367         -28185.8648      2520.2055       590.0521         0.0000      4332.9522         -16743.0754       217.5437    -21076.0276    -16577.0661       217.2921

ENERGY:    3725      2004.1637      1604.1417       296.7395        45.0083         -28145.7087      2502.0927       569.9513         0.0000      4359.1743         -16764.4374       218.8603    -21123.6117    -16588.8273       217.7462

TIMING: 3750  CPU: 69.2571, 0.019071/step  Wall: 69.2634, 0.0190737/step, 0.0066228 hours remaining, 0.620658 MB of memory in use.
PERFORMANCE: 3750  averaging 9.36028 ns/day, 0.018461 sec/step with standard deviation 0.000728345
ETITLE:      TS           BOND          ANGLE          DIHED          IMPRP               ELECT            VDW       BOUNDARY           MISC        KINETIC               TOTAL           TEMP      POTENTIAL         TOTAL3        TEMPAVG

ENERGY:    3750      1957.9953      1551.6840       279.6408        43.4250         -28049.7246      2509.4542       592.7622         0.0000      4336.3028         -16778.4603       217.7119    -21114.7631    -16596.9795       217.2853

ENERGY:    3775      2046.2505      1582.2373       289.6831        35.5716         -28212.3821      2560.8511       591.0800         0.0000      4330.8444         -16775.8641       217.4379    -21106.7085    -16608.0699       218.1765

ENERGY:    3800      2066.8888      1613.1620       298.5612        29.8366         -28246.4836      2543.0159       601.8508         0.0000      4310.7147         -16782.4536       216.4272    -21093.1683    -16615.7914       216.4249

ENERGY:    3825      2018.6586      1574.9746       300.9904        37.5032         -28108.6975      2525.5676       593.9934         0.0000      4269.1554         -16787.8542       214.3407    -21057.0096    -16626.2842       216.4377

ENERGY:    3850      1998.6609      1609.3471       294.5983        34.5369         -28251.8929      2523.8994       593.3125         0.0000      4382.1864         -16815.3515       220.0156    -21197.5379    -16637.4117       217.4412

ENERGY:    3875      2029.5568      1607.9387       292.8527        32.5743         -28416.9820      2661.7917       612.1683         0.0000      4357.3679         -16822.7317       218.7696    -21180.0995    -16646.8653       217.8524

ENERGY:    3900      2032.9049      1564.9275       282.3073        39.1956         -28340.0297      2658.6475       613.6777         0.0000      4324.1774         -16824.1918       217.1032    -21148.3693    -16656.7130       216.8968

ENERGY:    3925      2018.5069      1586.8557       288.9938        36.0088         -28312.3069      2587.7530       608.5302         0.0000      4346.0726         -16839.5859       218.2025    -21185.6585    -16665.0649       216.0469

ENERGY:    3950      2090.1900      1581.9090       293.9317        37.9628         -28321.8616      2633.3044       586.5469         0.0000      4260.5612         -16837.4555       213.9092    -21098.0167    -16673.2095       216.6336

ENERGY:    3975      2010.6427      1570.2100       281.5913        37.1036         -28305.2401      2661.0457       583.3753         0.0000      4307.5707         -16853.7008       216.2694    -21161.2714    -16684.1651       216.0043

TIMING: 4000  CPU: 74.0649, 0.019231/step  Wall: 74.0709, 0.0192299/step, 0.00534164 hours remaining, 0.620658 MB of memory in use.
PERFORMANCE: 4000  averaging 9.33597 ns/day, 0.018509 sec/step with standard deviation 0.000729433
ETITLE:      TS           BOND          ANGLE          DIHED          IMPRP               ELECT            VDW       BOUNDARY           MISC        KINETIC               TOTAL           TEMP      POTENTIAL         TOTAL3        TEMPAVG

ENERGY:    4000      2029.1813      1581.2719       299.6462        35.8713         -28295.4503      2612.9598       584.6375         0.0000      4296.4245         -16855.4578       215.7098    -21151.8824    -16691.5766       216.0496

WRITING EXTENDED SYSTEM TO RESTART FILE AT STEP 4000
WRITING COORDINATES TO DCD FILE ubq_cooling.dcd AT STEP 4000
WRITING COORDINATES TO RESTART FILE AT STEP 4000
FINISHED WRITING RESTART COORDINATES
The last position output (seq=4000) takes 0.000 seconds, 0.621 MB of memory in use
WRITING VELOCITIES TO RESTART FILE AT STEP 4000
FINISHED WRITING RESTART VELOCITIES
ENERGY:    4025      2103.7656      1650.9653       291.4934        32.5543         -28335.2771      2561.7311       589.6519         0.0000      4255.2010         -16849.9145       213.6401    -21105.1155    -16702.4000       214.8847

ENERGY:    4050      1997.6710      1528.2414       282.8909        35.7412         -28225.1070      2568.7624       602.2815         0.0000      4326.4356         -16883.0830       217.2165    -21209.5186    -16709.7731       214.4550

ENERGY:    4075      2048.5225      1627.0110       284.2941        38.4382         -28351.6681      2614.1017       593.9298         0.0000      4262.0101         -16883.3608       213.9819    -21145.3709    -16718.4506       215.1514

ENERGY:    4100      2082.8387      1608.9413       291.2621        34.7392         -28354.1613      2573.1843       602.8975         0.0000      4272.6051         -16887.6931       214.5139    -21160.2983    -16726.9370       215.2635

ENERGY:    4125      2049.4666      1583.5072       280.9300        31.8908         -28363.8272      2628.1340       613.9628         0.0000      4276.4211         -16899.5146       214.7055    -21175.9358    -16737.5919       215.9049

LDB: ============= START OF LOAD BALANCING ============== 76.967
LDB: ============== END OF LOAD BALANCING =============== 76.967
LDB: =============== DONE WITH MIGRATION ================ 76.9671
ENERGY:    4150      2022.0245      1551.9809       278.4702        28.9404         -28301.2910      2597.0807       617.4737         0.0000      4291.6516         -16913.6692       215.4702    -21205.3208    -16745.4465       213.8403

ENERGY:    4175      2097.5046      1573.8221       285.1826        35.8351         -28324.1011      2571.1812       625.0888         0.0000      4225.1481         -16910.3385       212.1312    -21135.4866    -16751.8651       212.8145

LDB: ============= START OF LOAD BALANCING ============== 77.9102
LDB: ============== END OF LOAD BALANCING =============== 77.9103
LDB: =============== DONE WITH MIGRATION ================ 77.9103
ENERGY:    4200      2043.3821      1594.8443       287.8759        43.4403         -28443.9328      2653.6352       600.2607         0.0000      4285.2118         -16935.2825       215.1468    -21220.4943    -16760.6427       215.1543

ENERGY:    4225      2057.0492      1566.7482       291.5449        35.6000         -28338.3436      2632.3777       595.1376         0.0000      4222.5016         -16937.3844       211.9984    -21159.8860    -16767.9832       214.1629

TIMING: 4250  CPU: 78.8406, 0.0191032/step  Wall: 78.8489, 0.0191121/step, 0.00398168 hours remaining, 0.620658 MB of memory in use.
PERFORMANCE: 4250  averaging 9.31812 ns/day, 0.0185445 sec/step with standard deviation 0.000721255
ETITLE:      TS           BOND          ANGLE          DIHED          IMPRP               ELECT            VDW       BOUNDARY           MISC        KINETIC               TOTAL           TEMP      POTENTIAL         TOTAL3        TEMPAVG

ENERGY:    4250      2054.2741      1543.8821       289.6396        30.0879         -28401.6314      2610.9384       573.8743         0.0000      4353.2574         -16945.6776       218.5632    -21298.9350    -16777.5711       215.1598

ENERGY:    4275      2051.8817      1632.6659       285.8306        34.1718         -28427.7560      2582.8569       588.9142         0.0000      4304.9020         -16946.5328       216.1354    -21251.4348    -16787.2072       215.7445

ENERGY:    4300      2049.1677      1562.0562       291.0967        40.6657         -28352.0552      2564.4855       593.6826         0.0000      4285.0295         -16965.8713       215.1377    -21250.9008    -16797.0669       215.0328

ENERGY:    4325      2050.0688      1569.8850       295.5529        33.3695         -28382.8731      2648.3513       616.9600         0.0000      4200.1900         -16968.4956       210.8782    -21168.6856    -16803.3808       213.0340

ENERGY:    4350      2050.1613      1576.5040       281.1225        32.8935         -28372.2741      2652.8599       602.9849         0.0000      4209.9967         -16965.7513       211.3705    -21175.7480    -16810.1329       213.3564

ENERGY:    4375      2036.0388      1550.1084       282.7053        27.9433         -28271.1495      2582.5958       581.0435         0.0000      4228.7128         -16982.0018       212.3102    -21210.7145    -16818.7867       211.9239

ENERGY:    4400      2026.5084      1539.0202       293.6194        30.4743         -28285.4529      2574.6056       575.7666         0.0000      4248.7100         -16996.7484       213.3142    -21245.4584    -16825.4464       212.5878

ENERGY:    4425      2011.8941      1582.0794       300.5461        34.3474         -28354.1650      2591.6214       586.6654         0.0000      4238.0340         -17008.9771       212.7782    -21247.0111    -16834.0860       214.1942

ENERGY:    4450      2037.3801      1582.1426       282.4796        31.9994         -28302.8246      2547.4003       598.7959         0.0000      4208.7418         -17013.8849       211.3075    -21222.6266    -16839.7677       211.3348

ENERGY:    4475      2051.1129      1547.6236       283.6415        36.2894         -28305.6117      2515.2983       614.6660         0.0000      4243.9354         -17013.0446       213.0745    -21256.9801    -16846.5340       212.4164

TIMING: 4500  CPU: 83.6644, 0.0192952/step  Wall: 83.6692, 0.0192809/step, 0.0026779 hours remaining, 0.620658 MB of memory in use.
PERFORMANCE: 4500  averaging 9.29761 ns/day, 0.0185854 sec/step with standard deviation 0.000720926
ETITLE:      TS           BOND          ANGLE          DIHED          IMPRP               ELECT            VDW       BOUNDARY           MISC        KINETIC               TOTAL           TEMP      POTENTIAL         TOTAL3        TEMPAVG

ENERGY:    4500      2047.9020      1614.9524       286.1663        37.0572         -28414.2621      2605.4594       603.5949         0.0000      4197.7644         -17021.3655       210.7564    -21219.1299    -16854.8007       212.1806

WRITING EXTENDED SYSTEM TO RESTART FILE AT STEP 4500
WRITING COORDINATES TO DCD FILE ubq_cooling.dcd AT STEP 4500
WRITING COORDINATES TO RESTART FILE AT STEP 4500
FINISHED WRITING RESTART COORDINATES
The last position output (seq=4500) takes 0.000 seconds, 0.621 MB of memory in use
WRITING VELOCITIES TO RESTART FILE AT STEP 4500
FINISHED WRITING RESTART VELOCITIES
ENERGY:    4525      1956.5382      1543.8123       276.1333        38.8041         -28201.1145      2535.8071       605.4197         0.0000      4209.2103         -17035.3894       211.3310    -21244.5997    -16860.8947       211.3781

ENERGY:    4550      2070.2172      1555.4540       285.9769        39.0208         -28375.8993      2561.7803       611.5232         0.0000      4219.9664         -17031.9604       211.8711    -21251.9268    -16870.6554       212.1298

ENERGY:    4575      2026.4310      1560.3054       286.5599        34.0519         -28392.2748      2585.3905       598.9050         0.0000      4256.1603         -17044.4709       213.6882    -21300.6312    -16876.5785       211.4606

ENERGY:    4600      1975.7185      1583.3567       292.5812        33.3676         -28376.0712      2613.9623       601.4150         0.0000      4221.1673         -17054.5026       211.9314    -21275.6699    -16882.4556       211.5729

ENERGY:    4625      2047.6020      1634.7619       292.2187        45.3001         -28429.6621      2626.3958       572.6685         0.0000      4160.8163         -17049.8990       208.9013    -21210.7153    -16888.9034       210.9722

ENERGY:    4650      2064.2165      1573.7983       292.2258        41.3860         -28330.8126      2556.1443       573.7849         0.0000      4173.2206         -17056.0362       209.5241    -21229.2568    -16895.5923       211.3014

ENERGY:    4675      1994.8231      1517.8398       288.7089        40.1608         -28222.0391      2545.0507       576.9439         0.0000      4193.6717         -17064.8403       210.5509    -21258.5119    -16902.0967       210.9673

ENERGY:    4700      1997.6560      1576.1679       290.0777        34.4249         -28331.1039      2535.3347       592.7345         0.0000      4229.5886         -17075.1195       212.3542    -21304.7081    -16910.3150       211.1224

ENERGY:    4725      2016.5964      1571.5991       283.6667        29.0452         -28343.4518      2625.1046       582.5468         0.0000      4154.7885         -17080.1045       208.5987    -21234.8930    -16916.4086       211.5081

TIMING: 4750  CPU: 88.3323, 0.0186713/step  Wall: 88.338, 0.0186754/step, 0.0012969 hours remaining, 0.620658 MB of memory in use.
PERFORMANCE: 4750  averaging 9.29524 ns/day, 0.0185902 sec/step with standard deviation 0.000700918
ETITLE:      TS           BOND          ANGLE          DIHED          IMPRP               ELECT            VDW       BOUNDARY           MISC        KINETIC               TOTAL           TEMP      POTENTIAL         TOTAL3        TEMPAVG

ENERGY:    4750      1997.2809      1574.4301       291.2518        30.9744         -28436.1649      2626.5388       578.4684         0.0000      4245.8661         -17091.3546       213.1714    -21337.2207    -16923.1580       211.4344

ENERGY:    4775      1988.0903      1609.7714       289.3872        36.1711         -28348.6657      2558.0831       588.6585         0.0000      4182.3297         -17096.1744       209.9814    -21278.5041    -16930.0037       211.4641

ENERGY:    4800      1993.5896      1559.9099       292.5698        35.1863         -28401.6184      2610.1002       589.4004         0.0000      4218.4601         -17102.4023       211.7954    -21320.8624    -16936.8652       210.5589

ENERGY:    4825      2022.3941      1532.0588       290.9748        34.0637         -28447.9211      2630.2414       594.5836         0.0000      4231.8562         -17111.7485       212.4680    -21343.6046    -16943.0932       210.7747

ENERGY:    4850      1976.9339      1576.6496       297.3770        31.9641         -28395.0228      2594.5426       579.1593         0.0000      4218.7215         -17119.6749       211.8086    -21338.3964    -16951.5090       211.5771

ENERGY:    4875      2042.4241      1534.4827       289.3555        35.7127         -28297.9608      2497.1355       581.5413         0.0000      4207.7162         -17109.5927       211.2560    -21317.3089    -16954.9329       211.0987

ENERGY:    4900      2032.4135      1550.3484       285.7150        29.3903         -28304.4041      2544.0948       588.7741         0.0000      4144.6585         -17129.0095       208.0901    -21273.6680    -16963.5837       208.8410

ENERGY:    4925      2021.8928      1553.4485       278.0891        33.7789         -28416.6667      2601.7079       588.3446         0.0000      4199.9170         -17139.4880       210.8644    -21339.4049    -16968.6441       209.6094

ENERGY:    4950      1975.8416      1581.1879       290.3896        34.2083         -28422.8244      2647.3938       595.6002         0.0000      4157.9476         -17140.2553       208.7573    -21298.2029    -16973.1876       209.2512

ENERGY:    4975      1978.3223      1538.3509       284.5563        34.0680         -28415.5293      2594.5741       596.5509         0.0000      4231.4397         -17157.6670       212.4471    -21389.1068    -16978.7402       210.2916

TIMING: 5000  CPU: 92.9681, 0.0185432/step  Wall: 92.9766, 0.0185542/step, 0 hours remaining, 0.620658 MB of memory in use.
PERFORMANCE: 5000  averaging 9.29614 ns/day, 0.0185884 sec/step with standard deviation 0.000682271
ETITLE:      TS           BOND          ANGLE          DIHED          IMPRP               ELECT            VDW       BOUNDARY           MISC        KINETIC               TOTAL           TEMP      POTENTIAL         TOTAL3        TEMPAVG

ENERGY:    5000      2063.4000      1487.7024       278.4445        33.4183         -28368.0226      2548.0652       598.6283         0.0000      4208.3922         -17149.9718       211.2900    -21358.3639    -16985.9751       210.1302

WRITING EXTENDED SYSTEM TO RESTART FILE AT STEP 5000
WRITING COORDINATES TO DCD FILE ubq_cooling.dcd AT STEP 5000
WRITING COORDINATES TO RESTART FILE AT STEP 5000
FINISHED WRITING RESTART COORDINATES
The last position output (seq=5000) takes 0.000 seconds, 0.621 MB of memory in use
WRITING VELOCITIES TO RESTART FILE AT STEP 5000
FINISHED WRITING RESTART VELOCITIES
WRITING EXTENDED SYSTEM TO OUTPUT FILE AT STEP 5000
CLOSING EXTENDED SYSTEM TRAJECTORY FILE
WRITING COORDINATES TO OUTPUT FILE AT STEP 5000
CLOSING COORDINATE DCD FILE ubq_cooling.dcd
WRITING VELOCITIES TO OUTPUT FILE AT STEP 5000
====================================================

WallClock: 93.042908  CPUTime: 93.018379  Memory: 0.620658 MB
[Partition 0][Node 0] End of program
