Charm++> No provisioning arguments specified. Running with a single PE.
         Use +auto-provision to fully subscribe resources or +p1 to silence this message.
Charm++: standalone mode (not using charmrun)
Charm++> Running in Multicore mode: 1 threads (PEs)
Charm++> Using recursive bisection (scheme 3) for topology aware partitions
Converse/Charm++ Commit ID: 
CharmLB> Load balancer assumes all CPUs are same.
Charm++> Running on 1 hosts (1 sockets x 10 cores x 1 PUs = 12-way SMP)
Charm++> cpu topology info is gathered in 0.000 seconds.
CharmLB> Load balancing instrumentation for communication is off.
Info: NAMD 3.0.1 for Linux-x86_64-multicore
Info: 
Info: Please visit http://www.ks.uiuc.edu/Research/namd/
Info: for updates, documentation, and support information.
Info: 
Info: Please cite Phillips et al., J. Chem. Phys. 153:044130 (2020) doi:10.1063/5.0014475
Info: in all publications reporting results obtained with NAMD.
Info: 
Info: Based on Charm++/Converse 80000 for multicore-linux-x86_64-gcc
Info: Built Mon Oct 14 11:11:06 CDT 2024 by dhardy on athine.ks.uiuc.edu
Info: 1 NAMD  3.0.1  Linux-x86_64-multicore  1    basudev-HP-Laptop-15s-fq5xxx  basudev
Info: Running on 1 processors, 1 nodes, 1 physical nodes.
Info: CPU topology information available.
Info: Charm++/Converse parallel runtime startup completed at 0.00242254 s
CkLoopLib is used in SMP with simple dynamic scheduling (converse-level notification)
Info: 22.6094 MB of memory in use based on /proc/self/stat
Info: Configuration file is ubq_wb_eq.conf
Info: Working in the current directory /home/basudev/Downloads/namd-tutorial-files/1-3-box
TCL: Suspending until startup complete.
Warning: Option "1-4scaling" has been deprecated. Instead use "oneFourScaling".
Warning: The Langevin gamma parameters differ over the particles,
Warning: requiring extra work per step to constrain rigid bonds.
Info: SIMULATION PARAMETERS:
Info: TIMESTEP               2
Info: NUMBER OF STEPS        0
Info: STEPS PER CYCLE        10
Info: PERIODIC CELL BASIS 1  42 0 0
Info: PERIODIC CELL BASIS 2  0 44 0
Info: PERIODIC CELL BASIS 3  0 0 47
Info: PERIODIC CELL CENTER   31 29 17.5
Info: WRAPPING ALL CLUSTERS AROUND PERIODIC BOUNDARIES ON OUTPUT.
Info: LOAD BALANCER  Centralized
Info: LOAD BALANCING STRATEGY  New Load Balancers -- DEFAULT
Info: LDB PERIOD             2000 steps
Info: FIRST LDB TIMESTEP     50
Info: LAST LDB TIMESTEP     -1
Info: LDB BACKGROUND SCALING 1
Info: HOM BACKGROUND SCALING 1
Info: PME BACKGROUND SCALING 1
Info: MIN ATOMS PER PATCH    40
Info: EMPTY PATCH LOAD       40 ATOMS
Info: INITIAL TEMPERATURE    310
Info: CENTER OF MASS MOVING INITIALLY? NO
Info: DIELECTRIC             1
Info: EXCLUDE                SCALED ONE-FOUR
Info: 1-4 ELECTROSTATICS SCALED BY 1
Info: MODIFIED 1-4 VDW PARAMETERS WILL BE USED
Info: DCD FILENAME           ubq_wb_eq.dcd
Info: DCD FREQUENCY          250
Info: DCD FIRST STEP         250
Info: DCD FILE WILL CONTAIN UNIT CELL DATA
Info: XST FILENAME           ubq_wb_eq.xst
Info: XST FREQUENCY          250
Info: NO VELOCITY DCD OUTPUT
Info: NO FORCE DCD OUTPUT
Info: OUTPUT FILENAME        ubq_wb_eq
Info: BINARY OUTPUT FILES WILL BE USED
Info: RESTART FILENAME       ubq_wb_eq.restart
Info: RESTART FREQUENCY      500
Info: BINARY RESTART FILES WILL BE USED
Info: SWITCHING ACTIVE
Info: SWITCHING ON           10
Info: SWITCHING OFF          12
Info: PAIRLIST DISTANCE      14
Info: PAIRLIST SHRINK RATE   0.01
Info: PAIRLIST GROW RATE     0.01
Info: PAIRLIST TRIGGER       0.3
Info: PAIRLISTS PER CYCLE    2
Info: PAIRLISTS ENABLED
Info: MARGIN                 0.495
Info: HYDROGEN GROUP CUTOFF  2.5
Info: PATCH DIMENSION        16.995
Info: ENERGY OUTPUT STEPS    100
Info: ENERGY EVALUATION STEPS    100
Info: OUTPUT ENERGY PRECISION 4
Info: CROSSTERM ENERGY INCLUDED IN DIHEDRAL
Info: TIMING OUTPUT STEPS    1000
Info: PRESSURE OUTPUT STEPS  100
Info: LANGEVIN DYNAMICS ACTIVE
Info: LANGEVIN TEMPERATURE   310
Info: LANGEVIN USING BBK INTEGRATOR
Info: LANGEVIN DAMPING COEFFICIENT IS 1 INVERSE PS
Info: LANGEVIN DYNAMICS NOT APPLIED TO HYDROGENS
Info: LANGEVIN PISTON PRESSURE CONTROL ACTIVE
Info:        TARGET PRESSURE IS 1.01325 BAR
Info:     OSCILLATION PERIOD IS 100 FS
Info:             DECAY TIME IS 50 FS
Info:     PISTON TEMPERATURE IS 310 K
Info:       PRESSURE CONTROL IS GROUP-BASED
Info:    INITIAL STRAIN RATE IS 0 0 0
Info:       CELL FLUCTUATION IS ISOTROPIC
Info: PARTICLE MESH EWALD (PME) ACTIVE
Info: PME TOLERANCE               1e-06
Info: PME EWALD COEFFICIENT       0.257952
Info: PME INTERPOLATION ORDER     4
Info: PME GRID DIMENSIONS         44 44 48
Info: PME MAXIMUM GRID SPACING    1
Info: Attempting to read FFTW data from FFTW_NAMD_3.0.1_Linux-x86_64-multicore.txt
Info: Optimizing 6 FFT steps.  1... 2... 3... 4... 5... 6...   Done.
Info: Writing FFTW data to FFTW_NAMD_3.0.1_Linux-x86_64-multicore.txt
Info: FULL ELECTROSTATIC EVALUATION FREQUENCY      2
Info: USING VERLET I (r-RESPA) MTS SCHEME.
Info: C1 SPLITTING OF LONG RANGE ELECTROSTATICS
Info: PLACING ATOMS IN PATCHES BY HYDROGEN GROUPS
Info: RIGID BONDS TO HYDROGEN : ALL
Info:         ERROR TOLERANCE : 1e-08
Info:          MAX ITERATIONS : 100
Info: RIGID WATER USING SETTLE ALGORITHM
Info: RANDOM NUMBER SEED     1748539616
Info: USE HYDROGEN BONDS?    NO
Info: COORDINATE PDB         ../common/ubq_wb.pdb
Info: STRUCTURE FILE         ../common/ubq_wb.psf
Info: PARAMETER file: CHARMM format! 
Info: PARAMETERS             ../common/par_all27_prot_lipid.inp
Info: USING ARITHMETIC MEAN TO COMBINE L-J SIGMA PARAMETERS
Info: SUMMARY OF PARAMETERS:
Info: 180 BONDS
Info: 447 ANGLES
Info: 566 DIHEDRAL
Info: 46 IMPROPER
Info: 6 CROSSTERM
Info: 119 VDW
Info: 0 VDW_PAIRS
Info: 0 NBTHOLE_PAIRS
Info: TIME FOR READING PSF FILE: 0.0202216
Info: Reading pdb file ../common/ubq_wb.pdb
Info: TIME FOR READING PDB FILE: 0.00465654
Info: 
Info: ****************************
Info: STRUCTURE SUMMARY:
Info: 7051 ATOMS
Info: 5117 BONDS
Info: 4197 ANGLES
Info: 3293 DIHEDRALS
Info: 204 IMPROPERS
Info: 74 CROSSTERMS
Info: 0 EXCLUSIONS
Info: 6449 RIGID BONDS
Info: 14704 DEGREES OF FREEDOM
Info: 2542 HYDROGEN GROUPS
Info: 4 ATOMS IN LARGEST HYDROGEN GROUP
Info: 2542 MIGRATION GROUPS
Info: 4 ATOMS IN LARGEST MIGRATION GROUP
Info: TOTAL MASS = 43514.7 amu
Info: TOTAL CHARGE = 1.00955e-06 e
Info: MASS DENSITY = 0.831947 g/cm^3
Info: ATOM DENSITY = 0.0811803 atoms/A^3
Info: *****************************
Info: 
Info: Entering startup at 14.9774 s, 0.440522 MB of memory in use
Info: Startup phase 0 took 3.0139e-05 s, 0.440522 MB of memory in use
Info: ADDED 12578 IMPLICIT EXCLUSIONS
Info: Startup phase 1 took 0.00263836 s, 0.440522 MB of memory in use
Info: NONBONDED TABLE R-SQUARED SPACING: 0.0625
Info: NONBONDED TABLE SIZE: 769 POINTS
Info: INCONSISTENCY IN FAST TABLE ENERGY VS FORCE: 0.000325096 AT 11.9556
Info: INCONSISTENCY IN SCOR TABLE ENERGY VS FORCE: 0.000324844 AT 11.9556
Info: INCONSISTENCY IN VDWA TABLE ENERGY VS FORCE: 0.0040507 AT 0.251946
Info: INCONSISTENCY IN VDWB TABLE ENERGY VS FORCE: 0.00150189 AT 0.251946
Info: Startup phase 2 took 0.00034851 s, 0.440522 MB of memory in use
Info: Startup phase 3 took 1.0093e-05 s, 0.440522 MB of memory in use
Info: Startup phase 4 took 1.37e-05 s, 0.440522 MB of memory in use
Info: Startup phase 5 took 6.306e-06 s, 0.440522 MB of memory in use
Info: PATCH GRID IS 2 (PERIODIC) BY 2 (PERIODIC) BY 2 (PERIODIC)
Info: PATCH GRID IS 1-AWAY BY 1-AWAY BY 1-AWAY
Info: REMOVING COM VELOCITY 0.0539911 -0.0153683 -0.0381871
Info: LARGEST PATCH (6) HAS 940 ATOMS
Info: TORUS A SIZE 1 USING 0
Info: TORUS B SIZE 1 USING 0
Info: TORUS C SIZE 1 USING 0
Info: TORUS MINIMAL MESH SIZE IS 1 BY 1 BY 1
Info: Placed 100% of base nodes on same physical node as patch
Info: Startup phase 6 took 0.000922104 s, 0.440522 MB of memory in use
Info: PME using 1 and 1 processors for FFT and reciprocal sum.
Info: PME GRID LOCATIONS: 0
Info: PME TRANS LOCATIONS: 0
Info: PME USING 1 GRID NODES AND 1 TRANS NODES
Info: Optimizing 4 FFT steps.  1... 2... 3... 4...   Done.
Info: Startup phase 7 took 0.000226917 s, 0.440522 MB of memory in use
Info: Startup phase 8 took 8.004e-06 s, 0.440522 MB of memory in use
Info: Startup phase 9 took 6.77e-06 s, 0.440522 MB of memory in use
Info: Startup phase 10 took 9.692e-06 s, 0.440522 MB of memory in use
Info: Startup phase 11 took 6.944e-06 s, 0.440522 MB of memory in use
LDB: Central LB being created...
Info: Startup phase 12 took 1.3919e-05 s, 0.440522 MB of memory in use
Info: CREATING 165 COMPUTE OBJECTS
Info: Startup phase 13 took 0.000150835 s, 0.440522 MB of memory in use
Info: Startup phase 14 took 8.186e-06 s, 0.440522 MB of memory in use
Info: Startup phase 15 took 1.6833e-05 s, 0.440522 MB of memory in use
Info: Finished startup at 14.9819 s, 0.440522 MB of memory in use

TCL: Minimizing for 100 steps
PRESSURE: 0 12827 127.198 -455.257 127.198 13631.7 -1246.53 -455.257 -1246.53 18918.1
GPRESSURE: 0 -7378.14 1064.81 -347.244 1519.6 -7507.83 -1624.93 -2987.72 538.68 -1477.62
ETITLE:      TS           BOND          ANGLE          DIHED          IMPRP               ELECT            VDW       BOUNDARY           MISC        KINETIC               TOTAL           TEMP      POTENTIAL         TOTAL3        TEMPAVG            PRESSURE      GPRESSURE         VOLUME       PRESSAVG      GPRESSAVG

ENERGY:       0       263.6137       847.5817       263.7656        10.7299         -18255.4619      2422.2308         0.0000         0.0000         0.0000         -14447.5402         0.0000    -14447.5402    -14447.5402         0.0000          15125.5953     -5454.5313     86856.0000     15125.5953     -5454.5313

OPENING EXTENDED SYSTEM TRAJECTORY FILE
MINIMIZER SLOWLY MOVING 2 ATOMS WITH BAD CONTACTS DOWNHILL
PRESSURE: 1 12461.1 -352.246 188.404 -352.246 12937.5 -329.512 188.404 -329.512 17699.8
GPRESSURE: 1 -8770.26 221.396 685.569 -479.506 -8751.4 -128.055 -323.98 2184.42 -3459.08
ENERGY:       1       263.2962       846.9568       263.8745        10.9841         -18255.0801      2186.0788         0.0000         0.0000         0.0000         -14683.8896         0.0000    -14683.8896    -14683.8896         0.0000          14366.1383     -6993.5836     86856.0000     14366.1383     -6993.5836

MINIMIZER STARTING CONJUGATE GRADIENT ALGORITHM
LINE MINIMIZER REDUCING GRADIENT FROM 1.0548e+07 TO 10548
PRESSURE: 2 11721.3 -276.918 266.244 -276.918 12244.1 -355.734 266.244 -355.734 15077.1
GPRESSURE: 2 743.815 122.093 90.0672 -586.249 954.223 -572.115 372.467 891.606 4075.27
ENERGY:       2       182.9476       778.1014       262.9946        10.1331         -18289.3582      1727.7547         0.0000         0.0000         0.0000         -15327.4267         0.0000    -15327.4267    -15327.4267         0.0000          13014.1584      1924.4365     86856.0000     13014.1584      1924.4365

PRESSURE: 3 11447 -184.34 191.218 -184.34 11987.3 -282.002 191.218 -282.002 13837.9
GPRESSURE: 3 370.366 122.674 -157.727 -516.63 569.701 -431.966 524.949 752.629 2747.9
ENERGY:       3       153.1396       728.5357       262.2933        10.5080         -18323.1608      1516.9846         0.0000         0.0000         0.0000         -15651.6997         0.0000    -15651.6997    -15651.6997         0.0000          12424.0594      1229.3216     86856.0000     12424.0594      1229.3216

PRESSURE: 4 11345.7 -78.187 100.737 -78.187 11852 -208.684 100.737 -208.684 13135.4
GPRESSURE: 4 230.984 183.995 -316.753 -395.017 394.056 -326.033 507.774 738.93 2000.42
ENERGY:       4       173.9652       697.2987       261.7469        11.8674         -18356.5066      1403.5704         0.0000         0.0000         0.0000         -15808.0579         0.0000    -15808.0579    -15808.0579         0.0000          12111.0436       875.1519     86856.0000     12111.0436       875.1519

PRESSURE: 5 11308.5 37.1885 24.4215 37.1885 11748.5 -155.327 24.4215 -155.327 12666.5
GPRESSURE: 5 172.829 282.26 -420.128 -251.433 270.554 -255.555 461.214 746.607 1497.18
ENERGY:       5       245.1056       683.4163       261.3306        14.0601         -18389.4199      1335.9126         0.0000         0.0000         0.0000         -15849.5946         0.0000    -15849.5946    -15849.5946         0.0000          11907.8587       646.8533     86856.0000     11907.8587       646.8533

PRESSURE: 6 11290.5 160.836 -31.0231 160.836 11646.6 -122.953 -31.0231 -122.953 12306.4
GPRESSURE: 6 137.556 403.778 -484.717 -94.7713 153.533 -214.138 421.774 751.081 1105.56
ENERGY:       6       365.7338       685.7662       261.0476        16.9848         -18421.9194      1293.5182         0.0000         0.0000         0.0000         -15798.8687         0.0000    -15798.8687    -15798.8687         0.0000          11747.8716       465.5492     86856.0000     11747.8716       465.5492

LINE MINIMIZER BRACKET: DX 0.000126891 0.000126891 DU -41.5367 50.7259 DUDX -744328 41711.3 705240 
PRESSURE: 7 11311.1 25.4461 31.2113 25.4461 11758.6 -159.985 31.2113 -159.985 12707.6
GPRESSURE: 7 177.523 271.501 -411.306 -266.293 282.515 -261.36 465.665 746.155 1541.55
ENERGY:       7       235.7690       684.2605       261.3647        13.8065         -18386.1316      1341.4169         0.0000         0.0000         0.0000         -15849.5140         0.0000    -15849.5140    -15849.5140         0.0000          11925.7484       667.1962     86856.0000     11925.7484       667.1962

LINE MINIMIZER BRACKET: DX 1.26891e-05 0.000126891 DU -0.0806514 50.7259 DUDX -31121 41711.3 705240 
MINIMIZER RESTARTING CONJUGATE GRADIENT ALGORITHM
LINE MINIMIZER REDUCING GRADIENT FROM 1.55155e+06 TO 1551.55
PRESSURE: 8 11164.5 1.66994 40.6781 1.66994 11585.9 -170.061 40.6781 -170.061 12492.9
GPRESSURE: 8 -2.06422 245.819 -375.622 -312.166 65.805 -254.157 480.094 741.044 1288.55
ENERGY:       8       121.6559       649.8137       260.9358        13.0405         -18428.9542      1318.1315         0.0000         0.0000         0.0000         -16065.3769         0.0000    -16065.3769    -16065.3769         0.0000          11747.7821       450.7638     86856.0000     11747.7821       450.7638

PRESSURE: 9 10977 -5.46702 57.9859 -5.46702 11377.4 -207.075 57.9859 -207.075 12258.9
GPRESSURE: 9 -222.331 237.49 -330.03 -342.073 -185.733 -274.261 501.033 710.739 1016.41
ENERGY:       9        74.8449       622.7527       260.4900        12.6626         -18471.3551      1297.6183         0.0000         0.0000         0.0000         -16202.9865         0.0000    -16202.9865    -16202.9865         0.0000          11537.7651       202.7819     86856.0000     11537.7651       202.7819

LDB: ============= START OF LOAD BALANCING ============== 15.2393
LDB: ============== END OF LOAD BALANCING =============== 15.2393
LDB: =============== DONE WITH MIGRATION ================ 15.2393
PRESSURE: 10 10749.2 3.50799 82.2901 3.50799 11133.6 -269.683 82.2901 -269.683 12006
GPRESSURE: 10 -482.961 246.041 -274.093 -356.794 -470.744 -320.661 527.554 658.071 724.969
ETITLE:      TS           BOND          ANGLE          DIHED          IMPRP               ELECT            VDW       BOUNDARY           MISC        KINETIC               TOTAL           TEMP      POTENTIAL         TOTAL3        TEMPAVG            PRESSURE      GPRESSURE         VOLUME       PRESSAVG      GPRESSAVG

ENERGY:      10        94.8102       603.7018       260.0251        12.7384         -18513.3176      1280.0057         0.0000         0.0000         0.0000         -16262.0365         0.0000    -16262.0365    -16262.0365         0.0000          11296.2857       -76.2455     86856.0000     11296.2857       -76.2455

PRESSURE: 11 10482 27.9144 112.551 27.9144 10856.1 -356.082 112.551 -356.082 11735.6
GPRESSURE: 11 -783.372 270.914 -207.124 -357.292 -786.687 -392.373 558.417 587.067 414.068
ENERGY:      11       180.6251       593.6320       259.6194        13.4044         -18554.8387      1265.6066         0.0000         0.0000         0.0000         -16241.9511         0.0000    -16241.9511    -16241.9511         0.0000          11024.5747      -385.3301     86856.0000     11024.5747      -385.3301

LINE MINIMIZER BRACKET: DX 0.000164296 0.000164296 DU -59.05 20.0854 DUDX -599717 -120530 363621 
PRESSURE: 12 10686.5 8.13935 89.2744 8.13935 11067.8 -288.989 89.2744 -288.989 11940.5
GPRESSURE: 12 -553.898 250.705 -258.54 -358.209 -546.4 -336.149 534.859 641.958 649.638
ENERGY:      12       110.0102       600.3247       259.9131        12.8408         -18523.6612      1276.1169         0.0000         0.0000         0.0000         -16264.4555         0.0000    -16264.4555    -16264.4555         0.0000          11231.5978      -150.2199     86856.0000     11231.5978      -150.2199

LINE MINIMIZER BRACKET: DX 4.07827e-05 0.000123513 DU -2.41893 22.5043 DUDX -120530 -938.116 363621 
MINIMIZER RESTARTING CONJUGATE GRADIENT ALGORITHM
LINE MINIMIZER REDUCING GRADIENT FROM 773946 TO 773.946
PRESSURE: 13 10826.3 7.77893 14.8791 7.77893 11200.7 -218.024 14.8791 -218.024 11922.7
GPRESSURE: 13 -436.871 237.891 -340.635 -347.765 -433.18 -257.816 450.386 684.781 600.241
ENERGY:      13        59.8179       570.8489       260.3160         9.2106         -18593.8944      1233.9823         0.0000         0.0000         0.0000         -16459.7186         0.0000    -16459.7186    -16459.7186         0.0000          11316.5733       -89.9370     86856.0000     11316.5733       -89.9370

PRESSURE: 14 10909.6 31.2151 -47.5068 31.2151 11294.7 -168.369 -47.5068 -168.369 11897.2
GPRESSURE: 14 -372.767 255.623 -402.254 -315.182 -359.021 -200.756 377.424 711.879 544.585
ENERGY:      14        95.2523       552.1154       260.8397         7.6654         -18662.6062      1197.5000         0.0000         0.0000         0.0000         -16549.2334         0.0000    -16549.2334    -16549.2334         0.0000          11367.1545       -62.4009     86856.0000     11367.1545       -62.4009

PRESSURE: 15 10932.9 79.5693 -97.0797 79.5693 11345.9 -142.272 -97.0797 -142.272 11860.1
GPRESSURE: 15 -365.946 302.645 -446.082 -258.73 -327.565 -166.584 316.285 719.648 478.505
ENERGY:      15       216.6647       542.7558       261.5632         7.3667         -18729.7647      1165.5333         0.0000         0.0000         0.0000         -16535.8810         0.0000    -16535.8810    -16535.8810         0.0000          11379.6430       -71.6686     86856.0000     11379.6430       -71.6686

LINE MINIMIZER BRACKET: DX 0.0003221 0.0003221 DU -89.5148 13.3524 DUDX -441008 -117674 196647 
PRESSURE: 16 10925.4 46.1857 -67.3187 46.1857 11318.8 -155.892 -67.3187 -155.892 11885
GPRESSURE: 16 -363.34 269.674 -420.412 -297.13 -342.224 -185.382 353.446 717.165 521.586
ENERGY:      16       130.1382       547.6423       261.0798         7.4395         -18687.6041      1185.2084         0.0000         0.0000         0.0000         -16556.0958         0.0000    -16556.0958    -16556.0958         0.0000          11376.3900       -61.3260     86856.0000     11376.3900       -61.3260

LINE MINIMIZER BRACKET: DX 0.000119095 0.000203005 DU -6.86243 20.2149 DUDX -117674 -319.464 196647 
LINE MINIMIZER REDUCING GRADIENT FROM 858005 TO 858.005
PRESSURE: 17 10652.1 62.6909 -127.799 62.6909 10979.7 -172.589 -127.799 -172.589 11420.8
GPRESSURE: 17 -759.306 275.037 -445.296 -281.108 -830.511 -172.5 269.882 671.134 -107.95
ENERGY:      17        90.0684       475.6679       262.9537         8.7204         -18916.6325      1104.6416         0.0000         0.0000         0.0000         -16974.5804         0.0000    -16974.5804    -16974.5804         0.0000          11017.5178      -565.9226     86856.0000     11017.5178      -565.9226

PRESSURE: 18 10404.9 64.2735 -178.463 64.2735 10664.3 -208.961 -178.463 -208.961 11009.8
GPRESSURE: 18 -1115.03 266.639 -457.633 -276.587 -1283.97 -182.41 195.897 601.658 -671.283
ENERGY:      18        63.6593       429.2281       266.5280        15.4085         -19127.7400      1043.6478         0.0000         0.0000         0.0000         -17309.2682         0.0000    -17309.2682    -17309.2682         0.0000          10692.9769     -1023.4286     86856.0000     10692.9769     -1023.4286

MINIMIZER RESTARTING CONJUGATE GRADIENT ALGORITHM DUE TO POOR PROGRESS
LINE MINIMIZER REDUCING GRADIENT FROM 360847 TO 360.847
PRESSURE: 19 10205 22.0052 -137.886 22.0052 10451.9 -265.026 -137.886 -265.026 10801.4
GPRESSURE: 19 -1381.61 212.557 -412.023 -329.812 -1546.59 -236.42 233.086 540.428 -945.426
ENERGY:      19        44.2254       406.0213       265.4304        12.8136         -19197.6921      1032.0693         0.0000         0.0000         0.0000         -17437.1320         0.0000    -17437.1320    -17437.1320         0.0000          10486.0826     -1291.2086     86856.0000     10486.0826     -1291.2086

PRESSURE: 20 9944.3 -1.3939 -88.8275 -1.3939 10196.5 -344.999 -88.8275 -344.999 10570
GPRESSURE: 20 -1709.11 177.581 -356.072 -364.247 -1852.03 -313.042 279.258 457.651 -1242.72
ETITLE:      TS           BOND          ANGLE          DIHED          IMPRP               ELECT            VDW       BOUNDARY           MISC        KINETIC               TOTAL           TEMP      POTENTIAL         TOTAL3        TEMPAVG            PRESSURE      GPRESSURE         VOLUME       PRESSAVG      GPRESSAVG

ENERGY:      20        98.0342       394.4788       264.5961        10.4291         -19266.1205      1021.9092         0.0000         0.0000         0.0000         -17476.6732         0.0000    -17476.6732    -17476.6732         0.0000          10236.9346     -1601.2868     86856.0000     10236.9346     -1601.2868

PRESSURE: 21 9622.83 -5.54639 -31.7382 -5.54639 9899.58 -448.766 -31.7382 -448.766 10315.7
GPRESSURE: 21 -2097.32 162.034 -290.491 -379.608 -2198.78 -411.826 333.74 353.994 -1562.91
ENERGY:      21       224.6564       396.2639       263.9795         8.4089         -19332.9898      1013.2799         0.0000         0.0000         0.0000         -17426.4011         0.0000    -17426.4011    -17426.4011         0.0000           9946.0482     -1953.0048     86856.0000      9946.0482     -1953.0048

LINE MINIMIZER BRACKET: DX 0.000475017 0.000475017 DU -39.5412 50.2721 DUDX -176870 10734.6 201270 
PRESSURE: 22 9973.13 0.0922536 -94.0911 0.0922536 10224 -335.932 -94.0911 -335.932 10594.1
GPRESSURE: 22 -1673.59 180.224 -362.096 -361.662 -1819.57 -304.376 274.249 466.884 -1211.92
ENERGY:      22        89.3624       395.0837       264.6690        10.6558         -19259.3256      1022.8585         0.0000         0.0000         0.0000         -17476.6962         0.0000    -17476.6962    -17476.6962         0.0000          10263.7539     -1568.3632     86856.0000     10263.7539     -1568.3632

LINE MINIMIZER BRACKET: DX 0.000427515 4.75017e-05 DU -39.5642 0.0229565 DUDX -176870 -8168.84 10734.6 
PRESSURE: 23 9959.6 -0.63285 -91.6099 -0.63285 10211.1 -340.18 -91.6099 -340.18 10582.8
GPRESSURE: 23 -1690.28 178.958 -359.255 -362.91 -1834.84 -308.436 276.601 462.557 -1226.42
ENERGY:      23        93.3644       394.7917       264.6341        10.5484         -19262.5261      1022.4085         0.0000         0.0000         0.0000         -17476.7789         0.0000    -17476.7789    -17476.7789         0.0000          10251.1479     -1583.8452     86856.0000     10251.1479     -1583.8452

LINE MINIMIZER BRACKET: DX 2.24242e-05 2.50775e-05 DU -0.0827056 0.105662 DUDX -8168.84 747.061 10734.6 
PRESSURE: 24 9960.96 -0.562474 -91.8585 -0.562474 10212.4 -339.753 -91.8585 -339.753 10583.9
GPRESSURE: 24 -1688.6 179.082 -359.54 -362.788 -1833.31 -308.027 276.366 462.992 -1224.97
ENERGY:      24        92.9569       394.8196       264.6376        10.5591         -19262.2063      1022.4534         0.0000         0.0000         0.0000         -17476.7797         0.0000    -17476.7797    -17476.7797         0.0000          10252.4123     -1582.2932     86856.0000     10252.4123     -1582.2932

LINE MINIMIZER BRACKET: DX 2.01818e-05 2.24242e-06 DU -0.0834838 0.000778178 DUDX -8168.84 -144.82 747.061 
LINE MINIMIZER REDUCING GRADIENT FROM 546385 TO 546.385
PRESSURE: 25 9805.74 12.2862 -98.1613 12.2862 10072.2 -284.364 -98.1613 -284.364 10451.3
GPRESSURE: 25 -1935.83 184.835 -367.814 -338.559 -2051.88 -242.184 252.698 480.352 -1457.12
ENERGY:      25        83.9168       354.9303       262.8582         8.1117         -19429.3179       987.6934         0.0000         0.0000         0.0000         -17731.8076         0.0000    -17731.8076    -17731.8076         0.0000          10109.7386     -1814.9456     86856.0000     10109.7386     -1814.9456

PRESSURE: 26 9653.07 20.4964 -112.795 20.4964 9938.79 -232.133 -112.795 -232.133 10310.5
GPRESSURE: 26 -2175.47 185.368 -380.364 -318.502 -2256.76 -179.957 220.975 498.74 -1692.87
ENERGY:      26        83.6231       327.1369       262.8364        15.9366         -19585.4650       958.9127         0.0000         0.0000         0.0000         -17937.0193         0.0000    -17937.0193    -17937.0193         0.0000           9967.4428     -2041.7005     86856.0000      9967.4428     -2041.7005

MINIMIZER RESTARTING CONJUGATE GRADIENT ALGORITHM DUE TO POOR PROGRESS
LINE MINIMIZER REDUCING GRADIENT FROM 408803 TO 408.803
PRESSURE: 27 9791.67 19.8214 -133.653 19.8214 9984.9 -161.774 -133.653 -161.774 10341.7
GPRESSURE: 27 -2022.81 187.309 -388.508 -307.006 -2209.02 -101.525 191.304 566.611 -1657.9
ENERGY:      27        47.9401       312.4142       262.9360         9.8877         -19616.2193       950.5609         0.0000         0.0000         0.0000         -18032.4804         0.0000    -18032.4804    -18032.4804         0.0000          10039.4074     -1963.2455     86856.0000     10039.4074     -1963.2455

PRESSURE: 28 9864.32 39.153 -156.205 39.153 10000.9 -102.926 -156.205 -102.926 10357.3
GPRESSURE: 28 -1938.65 211.467 -396.19 -274.082 -2193.83 -34.1505 162.022 623.685 -1641.63
ENERGY:      28        71.0486       307.3582       263.8427         8.1249         -19646.5804       942.9072         0.0000         0.0000         0.0000         -18053.2988         0.0000    -18053.2988    -18053.2988         0.0000          10074.1812     -1924.7006     86856.0000     10074.1812     -1924.7006

PRESSURE: 29 9870.31 78.6437 -176.932 78.6437 9984.64 -57.7678 -176.932 -57.7678 10360.2
GPRESSURE: 29 -1923.25 257.626 -399.877 -219.859 -2213.03 19.9477 136.208 667.969 -1640.89
ENERGY:      29       152.2430       310.8043       265.1357         8.7299         -19676.5414       935.8694         0.0000         0.0000         0.0000         -18003.7591         0.0000    -18003.7591    -18003.7591         0.0000          10071.7226     -1925.7255     86856.0000     10071.7226     -1925.7255

LINE MINIMIZER BRACKET: DX 0.000328717 0.000328717 DU -20.8185 49.5397 DUDX -174611 45769.4 253339 
PRESSURE: 30 9854.58 33.4525 -151.511 33.4525 10000.1 -114.19 -151.511 -114.19 10355.2
GPRESSURE: 30 -1950.61 204.578 -394.801 -282.731 -2194.25 -47.2481 167.989 612.719 -1643.64
ETITLE:      TS           BOND          ANGLE          DIHED          IMPRP               ELECT            VDW       BOUNDARY           MISC        KINETIC               TOTAL           TEMP      POTENTIAL         TOTAL3        TEMPAVG            PRESSURE      GPRESSURE         VOLUME       PRESSAVG      GPRESSAVG

ENERGY:      30        61.3445       307.6783       263.6133         8.2515         -19640.2425       944.4587         0.0000         0.0000         0.0000         -18054.8961         0.0000    -18054.8961    -18054.8961         0.0000          10069.9669     -1929.5005     86856.0000     10069.9669     -1929.5005

LINE MINIMIZER BRACKET: DX 0.000259767 6.89503e-05 DU -22.4157 1.59728 DUDX -174611 563.324 45769.4 
PRESSURE: 31 9850.15 31.5328 -149.73 31.5328 9999.46 -118.59 -149.73 -118.59 10354.3
GPRESSURE: 31 -1955.9 202.237 -394.238 -285.75 -2194.79 -52.3304 170.267 608.443 -1644.59
ENERGY:      31        58.3552       307.8970       263.5314         8.3280         -19637.8513       945.0505         0.0000         0.0000         0.0000         -18054.6892         0.0000    -18054.6892    -18054.6892         0.0000          10067.9557     -1931.7605     86856.0000     10067.9557     -1931.7605

LINE MINIMIZER BRACKET: DX 2.59767e-05 6.89503e-05 DU -0.206948 1.59728 DUDX -16605 563.324 45769.4 
PRESSURE: 32 9854.16 33.2549 -151.333 33.2549 10000.1 -114.627 -151.333 -114.627 10355.1
GPRESSURE: 32 -1951.12 204.338 -394.745 -283.039 -2194.3 -47.753 168.217 612.294 -1643.73
ENERGY:      32        61.0292       307.6977       263.6050         8.2584         -19640.0036       944.5177         0.0000         0.0000         0.0000         -18054.8956         0.0000    -18054.8956    -18054.8956         0.0000          10069.7756     -1929.7160     86856.0000     10069.7756     -1929.7160

LINE MINIMIZER BRACKET: DX 2.59767e-06 6.89503e-05 DU -0.000544917 1.59728 DUDX -1150.09 563.324 45769.4 
LINE MINIMIZER REDUCING GRADIENT FROM 248806 TO 248.806
PRESSURE: 33 9657.6 52.9343 -146.164 52.9343 9742.08 -150.249 -146.164 -150.249 10084.3
GPRESSURE: 33 -2186.94 208.41 -342.639 -259.609 -2509.9 -57.8934 164.718 560.554 -1980.39
ENERGY:      33        47.3572       289.7790       266.3062        10.4515         -19760.7716       922.8132         0.0000         0.0000         0.0000         -18224.0644         0.0000    -18224.0644    -18224.0644         0.0000           9827.9846     -2225.7450     86856.0000      9827.9846     -2225.7450

PRESSURE: 34 9456.08 63.0243 -135.553 63.0243 9467.24 -203.181 -135.553 -203.181 9770.67
GPRESSURE: 34 -2430.61 202.259 -281.494 -244.837 -2843.61 -86.572 170.211 490.596 -2360.7
ENERGY:      34        57.1064       287.5765       270.4505        21.3236         -19876.0022       903.9151         0.0000         0.0000         0.0000         -18335.6303         0.0000    -18335.6303    -18335.6303         0.0000           9564.6618     -2544.9752     86856.0000      9564.6618     -2544.9752

PRESSURE: 35 9252.09 61.8304 -120.306 61.8304 9176.72 -273.363 -120.306 -273.363 9409.24
GPRESSURE: 35 -2679.22 183.483 -213.028 -240.874 -3194.13 -133.996 183.624 402.286 -2789.86
ENERGY:      35        92.9454       301.8980       275.7715        42.4662         -19985.5267       887.8826         0.0000         0.0000         0.0000         -18384.5629         0.0000    -18384.5629    -18384.5629         0.0000           9279.3501     -2887.7380     86856.0000      9279.3501     -2887.7380

PRESSURE: 36 9046.68 48.9497 -99.2137 48.9497 8871.46 -362.872 -99.2137 -362.872 8997.52
GPRESSURE: 36 -2931.59 151.277 -137.313 -248.481 -3559.99 -202.04 205.177 294.178 -3270.17
ENERGY:      36       157.2076       333.4955       281.9529        74.3594         -20089.1976       874.8366         0.0000         0.0000         0.0000         -18367.3456         0.0000    -18367.3456    -18367.3456         0.0000           8971.8902     -3253.9159     86856.0000      8971.8902     -3253.9159

LINE MINIMIZER BRACKET: DX 0.000788151 0.000788151 DU -48.9327 17.2173 DUDX -102959 -20933.9 64068.3 
PRESSURE: 37 9202.02 59.7125 -115.743 59.7125 9103.36 -293.353 -115.743 -293.353 9313.27
GPRESSURE: 37 -2740.55 176.824 -195.243 -241.632 -3282.25 -148.655 188.136 377.783 -2902.5
ENERGY:      37       105.9524       308.0205       277.2199        49.2911         -20011.3291       884.4107         0.0000         0.0000         0.0000         -18386.4345         0.0000    -18386.4345    -18386.4345         0.0000           9206.2196     -2975.0999     86856.0000      9206.2196     -2975.0999

LINE MINIMIZER BRACKET: DX 0.00019284 0.000595311 DU -1.87157 19.0889 DUDX -20933.9 -327.818 64068.3 
PRESSURE: 38 9186.54 58.9197 -114.256 58.9197 9080.53 -299.788 -114.256 -299.788 9283
GPRESSURE: 38 -2759.55 174.607 -189.644 -242.025 -3309.67 -153.448 189.628 369.941 -2937.95
ENERGY:      38       110.3190       310.1149       277.6769        51.5288         -20019.2630       883.3746         0.0000         0.0000         0.0000         -18386.2488         0.0000    -18386.2488    -18386.2488         0.0000           9183.3568     -3002.3858     86856.0000      9183.3568     -3002.3858

LINE MINIMIZER BRACKET: DX 0.00019284 5.95311e-05 DU -1.87157 0.185702 DUDX -20933.9 -327.818 6074.42 
PRESSURE: 39 9200.48 59.6363 -115.597 59.6363 9101.08 -293.992 -115.597 -293.992 9310.26
GPRESSURE: 39 -2742.45 176.606 -194.686 -241.668 -3284.99 -149.13 188.283 377.004 -2906.03
ENERGY:      39       106.3816       308.2255       277.2654        49.5121         -20012.1233       884.3064         0.0000         0.0000         0.0000         -18386.4324         0.0000    -18386.4324    -18386.4324         0.0000           9203.9398     -2977.8215     86856.0000      9203.9398     -2977.8215

LINE MINIMIZER BRACKET: DX 0.00019284 5.95311e-06 DU -1.87157 0.00213813 DUDX -20933.9 -327.818 311.592 
PRESSURE: 40 9201.65 59.6949 -115.709 59.6949 9102.82 -293.506 -115.709 -293.506 9312.55
GPRESSURE: 40 -2741 176.772 -195.111 -241.64 -3282.91 -148.768 188.171 377.597 -2903.34
ETITLE:      TS           BOND          ANGLE          DIHED          IMPRP               ELECT            VDW       BOUNDARY           MISC        KINETIC               TOTAL           TEMP      POTENTIAL         TOTAL3        TEMPAVG            PRESSURE      GPRESSURE         VOLUME       PRESSAVG      GPRESSAVG

ENERGY:      40       106.0547       308.0694       277.2307        49.3437         -20011.5180       884.3858         0.0000         0.0000         0.0000         -18386.4337         0.0000    -18386.4337    -18386.4337         0.0000           9205.6762     -2975.7484     86856.0000      9205.6762     -2975.7484

LINE MINIMIZER BRACKET: DX 0.00019284 1.42037e-06 DU -1.87157 0.000809713 DUDX -20933.9 -327.818 -175.435 
PRESSURE: 41 9202.02 59.7124 -115.743 59.7124 9103.36 -293.353 -115.743 -293.353 9313.27
GPRESSURE: 41 -2740.55 176.824 -195.244 -241.632 -3282.25 -148.654 188.136 377.784 -2902.5
ENERGY:      41       105.9524       308.0206       277.2199        49.2911         -20011.3283       884.4108         0.0000         0.0000         0.0000         -18386.4337         0.0000    -18386.4337    -18386.4337         0.0000           9206.2199     -2975.0992     86856.0000      9206.2199     -2975.0992

LINE MINIMIZER REDUCING GRADIENT FROM 640129 TO 640.129
PRESSURE: 42 9236.2 -4.83564 -191.923 -4.83564 9245.86 -256.343 -191.923 -256.343 9468.31
GPRESSURE: 42 -2772.16 81.3995 -289.721 -327.392 -3179.85 -80.8397 101.349 401.291 -2790.23
ENERGY:      42        64.3896       272.1795       274.4985        32.5930         -20116.4829       865.7260         0.0000         0.0000         0.0000         -18607.0962         0.0000    -18607.0962    -18607.0962         0.0000           9316.7886     -2914.0789     86856.0000      9316.7886     -2914.0789

PRESSURE: 43 9258.28 -67.6164 -251.821 -67.6164 9364.31 -245.86 -251.821 -245.86 9578.55
GPRESSURE: 43 -2815.39 -10.0481 -367.457 -407.869 -3102.74 -44.0742 29.2366 398.536 -2727.08
ENERGY:      43        74.2604       251.0781       272.1704        22.0642         -20215.7348       849.9587         0.0000         0.0000         0.0000         -18746.2030         0.0000    -18746.2030    -18746.2030         0.0000           9400.3800     -2881.7365     86856.0000      9400.3800     -2881.7365

PRESSURE: 44 9266.53 -125.745 -293.062 -125.745 9457.25 -261.813 -293.062 -261.813 9645.68
GPRESSURE: 44 -2872.09 -93.1968 -425.578 -479.329 -3052.99 -36.8367 -24.954 368.898 -2710.04
ENERGY:      44       133.1255       244.8989       270.3045        16.0069         -20308.9649       836.7648         0.0000         0.0000         0.0000         -18807.8644         0.0000    -18807.8644    -18807.8644         0.0000           9456.4841     -2878.3722     86856.0000      9456.4841     -2878.3722

PRESSURE: 45 9259.42 -176.646 -312.009 -176.646 9523.38 -304.404 -312.009 -304.404 9674.34
GPRESSURE: 45 -2944.13 -164.526 -459.51 -538.564 -3032.05 -58.5477 -56.803 312.044 -2733.92
ENERGY:      45       236.6825       253.8232       269.0132        13.1946         -20396.0592       825.9551         0.0000         0.0000         0.0000         -18797.3906         0.0000    -18797.3906    -18797.3906         0.0000           9485.7110     -2903.3651     86856.0000      9485.7110     -2903.3651

LINE MINIMIZER BRACKET: DX 0.000410359 0.000410359 DU -61.6614 10.4738 DUDX -242613 -59033.9 108833 
PRESSURE: 46 9265.94 -144.44 -302.46 -144.44 9483.48 -273.64 -302.46 -273.64 9659.68
GPRESSURE: 46 -2895.33 -119.568 -440.426 -501.505 -3042.29 -41.1256 -38.9112 352.199 -2714.08
ENERGY:      46       164.4922       246.2967       269.7848        14.7059         -20340.0040       832.7268         0.0000         0.0000         0.0000         -18811.9977         0.0000    -18811.9977    -18811.9977         0.0000           9469.6989     -2883.8996     86856.0000      9469.6989     -2883.8996

LINE MINIMIZER BRACKET: DX 0.000143246 0.000267113 DU -4.13325 14.6071 DUDX -59033.9 1677.35 108833 
PRESSURE: 47 9266.09 -142.617 -301.654 -142.617 9481 -272.31 -301.654 -272.31 9658.49
GPRESSURE: 47 -2892.91 -117.001 -439.08 -499.358 -3043.2 -40.535 -37.6516 354.026 -2713.46
ENERGY:      47       161.1158       246.0751       269.8337        14.8196         -20336.9251       833.1176         0.0000         0.0000         0.0000         -18811.9633         0.0000    -18811.9633    -18811.9633         0.0000           9468.5266     -2883.1886     86856.0000      9468.5266     -2883.1886

LINE MINIMIZER BRACKET: DX 1.43246e-05 0.000267113 DU -0.034363 14.6071 DUDX -4310.57 1677.35 108833 
PRESSURE: 48 9265.97 -144.068 -302.294 -144.068 9482.97 -273.364 -302.294 -273.364 9659.44
GPRESSURE: 48 -2894.83 -119.043 -440.149 -501.067 -3042.47 -41.0019 -38.6517 352.577 -2713.95
ENERGY:      48       163.7932       246.2496       269.7948        14.7290         -20339.3711       832.8069         0.0000         0.0000         0.0000         -18811.9976         0.0000    -18811.9976    -18811.9976         0.0000           9469.4598     -2883.7509     86856.0000      9469.4598     -2883.7509

LINE MINIMIZER BRACKET: DX 2.94727e-06 0.000267113 DU -0.000105149 14.6071 DUDX 447.029 1677.35 108833 
PRESSURE: 49 9265.94 -144.44 -302.46 -144.44 9483.48 -273.64 -302.46 -273.64 9659.68
GPRESSURE: 49 -2895.33 -119.568 -440.426 -501.505 -3042.29 -41.1256 -38.9112 352.199 -2714.08
ENERGY:      49       164.4922       246.2967       269.7848        14.7059         -20340.0039       832.7268         0.0000         0.0000         0.0000         -18811.9975         0.0000    -18811.9975    -18811.9975         0.0000           9469.6986     -2883.8998     86856.0000      9469.6986     -2883.8998

LDB: ============= START OF LOAD BALANCING ============== 16.2715
LDB: ============== END OF LOAD BALANCING =============== 16.2716
LDB: =============== DONE WITH MIGRATION ================ 16.2716
LINE MINIMIZER REDUCING GRADIENT FROM 749080 TO 749.08
PRESSURE: 50 9205.98 -113.656 -246.707 -113.656 9400.72 -271.138 -246.707 -271.138 9571.4
GPRESSURE: 50 -3005.77 -94.853 -384.763 -447.477 -3171.42 -33.0606 31.4633 353.876 -2870.63
Info: Initial time: 1 CPUs 0.0257461 s/step 0.148993 days/ns 0.440522 MB memory
ETITLE:      TS           BOND          ANGLE          DIHED          IMPRP               ELECT            VDW       BOUNDARY           MISC        KINETIC               TOTAL           TEMP      POTENTIAL         TOTAL3        TEMPAVG            PRESSURE      GPRESSURE         VOLUME       PRESSAVG      GPRESSAVG

ENERGY:      50       100.5016       235.6619       267.8397        11.6958         -20415.6408       823.2120         0.0000         0.0000         0.0000         -18976.7298         0.0000    -18976.7298    -18976.7298         0.0000           9392.6970     -3015.9397     86856.0000      9392.6970     -3015.9397

PRESSURE: 51 9086.73 -59.5026 -178.73 -59.5026 9306.91 -272.073 -178.73 -272.073 9485.31
GPRESSURE: 51 -3177.21 -46.3273 -317.06 -370.013 -3310.36 -26.0154 113.622 354.003 -3024.12
ENERGY:      51        75.5515       233.3830       266.1978        10.9000         -20487.2308       815.2669         0.0000         0.0000         0.0000         -19085.9316         0.0000    -19085.9316    -19085.9316         0.0000           9292.9852     -3170.5624     86856.0000      9292.9852     -3170.5624

PRESSURE: 52 8908.86 17.1585 -102.153 17.1585 9203.93 -275.013 -102.153 -275.013 9398.74
GPRESSURE: 52 -3408.88 25.1934 -240.909 -269.882 -3457.28 -18.5658 204.312 353.726 -3178.06
ENERGY:      52        90.4005       240.4633       264.9880        13.6395         -20554.6926       808.9177         0.0000         0.0000         0.0000         -19136.2836         0.0000    -19136.2836    -19136.2836         0.0000           9170.5067     -3348.0733     86856.0000      9170.5067     -3348.0733

PRESSURE: 53 8673.57 116.135 -21.2342 116.135 9093.63 -277.444 -21.2342 -277.444 9309.19
GPRESSURE: 53 -3699.55 119.664 -160.241 -147.075 -3610.42 -8.35386 300.188 354.963 -3336.35
ENERGY:      53       145.0163       257.7864       264.7014        22.4750         -20617.9607       804.2031         0.0000         0.0000         0.0000         -19123.7785         0.0000    -19123.7785    -19123.7785         0.0000           9025.4653     -3548.7715     86856.0000      9025.4653     -3548.7715

LINE MINIMIZER BRACKET: DX 0.000255356 0.000255356 DU -50.3521 12.5051 DUDX -314252 -76784.7 179640 
PRESSURE: 54 8843.04 44.9609 -77.6949 44.9609 9170.94 -275.954 -77.6949 -275.954 9371.86
GPRESSURE: 54 -3491.42 51.5616 -216.557 -234.84 -3503.45 -15.9071 233.193 353.846 -3225.71
ENERGY:      54       102.8691       244.6245       264.7641        15.5235         -20574.4238       807.3018         0.0000         0.0000         0.0000         -19139.3407         0.0000    -19139.3407    -19139.3407         0.0000           9128.6161     -3406.8603     86856.0000      9128.6161     -3406.8603

LINE MINIMIZER BRACKET: DX 7.79583e-05 0.000177398 DU -3.0571 15.5622 DUDX -76784.7 -990.038 179640 
PRESSURE: 55 8827.33 51.5783 -72.0853 51.5783 9163.35 -276.157 -72.0853 -276.157 9365.69
GPRESSURE: 55 -3510.96 57.8573 -210.969 -226.576 -3514.03 -15.2535 239.823 353.892 -3236.63
ENERGY:      55       106.2241       245.7085       264.7268        16.0400         -20578.8674       806.9558         0.0000         0.0000         0.0000         -19139.2122         0.0000    -19139.2122    -19139.2122         0.0000           9118.7906     -3420.5404     86856.0000      9118.7906     -3420.5404

LINE MINIMIZER BRACKET: DX 7.79583e-05 1.77398e-05 DU -3.0571 0.128546 DUDX -76784.7 -990.038 16538.4 
PRESSURE: 56 8841.49 45.6178 -77.1337 45.6178 9170.18 -275.974 -77.1337 -275.974 9371.25
GPRESSURE: 56 -3493.36 52.1861 -215.998 -234.019 -3504.51 -15.8416 233.856 353.851 -3226.8
ENERGY:      56       103.1960       244.7306       264.7601        15.5736         -20574.8688       807.2669         0.0000         0.0000         0.0000         -19139.3417         0.0000    -19139.3417    -19139.3417         0.0000           9127.6386     -3408.2233     86856.0000      9127.6386     -3408.2233

LINE MINIMIZER BRACKET: DX 1.77398e-06 1.59658e-05 DU -0.000972807 0.129519 DUDX -990.038 757.783 16538.4 
LINE MINIMIZER REDUCING GRADIENT FROM 398678 TO 398.678
PRESSURE: 57 8885.83 71.3163 -69.3551 71.3163 8981.06 -202.822 -69.3551 -202.822 9205.73
GPRESSURE: 57 -3486.65 72.7844 -174.578 -174.873 -3722.39 82.645 220.59 420.324 -3431.99
ENERGY:      57        51.4112       229.7079       264.8821        12.1711         -20659.1583       798.0420         0.0000         0.0000         0.0000         -19302.9440         0.0000    -19302.9440    -19302.9440         0.0000           9024.2083     -3547.0118     86856.0000      9024.2083     -3547.0118

PRESSURE: 58 8850.13 83.9961 -64.1974 83.9961 8781.47 -133.565 -64.1974 -133.565 9024.36
GPRESSURE: 58 -3564.59 88.8129 -123.972 -120.14 -3956.29 171.102 214.22 478.999 -3669.49
ENERGY:      58        60.1341       234.4604       265.6403        11.4305         -20737.3558       791.4960         0.0000         0.0000         0.0000         -19374.1945         0.0000    -19374.1945    -19374.1945         0.0000           8885.3220     -3730.1237     86856.0000      8885.3220     -3730.1237

PRESSURE: 59 8733.62 85.5835 -59.9668 85.5835 8573.17 -68.3293 -59.9668 -68.3293 8827.24
GPRESSURE: 59 -3723.39 100.272 -67.7936 -70.4287 -4205.45 246.193 212.477 527.697 -3941.4
ENERGY:      59       128.9885       259.4256       266.8798        12.4495         -20809.3509       787.7055         0.0000         0.0000         0.0000         -19353.9019         0.0000    -19353.9019    -19353.9019         0.0000           8711.3450     -3956.7467     86856.0000      8711.3450     -3956.7467

LDB: ============= START OF LOAD BALANCING ============== 16.5281
LDB: ============== END OF LOAD BALANCING =============== 16.5281
LDB: =============== DONE WITH MIGRATION ================ 16.5282
LINE MINIMIZER BRACKET: DX 0.000526805 0.000526805 DU -71.2505 20.2926 DUDX -222567 -47989.1 123522 
PRESSURE: 60 8825.87 85.5126 -62.9383 85.5126 8724.44 -115.041 -62.9383 -115.041 8971.3
GPRESSURE: 60 -3600.62 92.3769 -109 -105.742 -4023.99 193.352 213.462 493.651 -3741.31
ETITLE:      TS           BOND          ANGLE          DIHED          IMPRP               ELECT            VDW       BOUNDARY           MISC        KINETIC               TOTAL           TEMP      POTENTIAL         TOTAL3        TEMPAVG            PRESSURE      GPRESSURE         VOLUME       PRESSAVG      GPRESSAVG

ENERGY:      60        73.2221       239.3079       265.9379        11.5623         -20757.9046       790.1526         0.0000         0.0000         0.0000         -19377.7217         0.0000    -19377.7217    -19377.7217         0.0000           8840.5371     -3788.6417     86856.0000      8840.5371     -3788.6417

LINE MINIMIZER BRACKET: DX 0.000146117 0.000380688 DU -3.52722 23.8198 DUDX -47989.1 -164.425 123522 
LINE MINIMIZER REDUCING GRADIENT FROM 259920 TO 259.92
PRESSURE: 61 8682.7 107.641 -100.034 107.641 8799.89 -188.438 -100.034 -188.438 8956.93
GPRESSURE: 61 -3820.04 82.121 -145.466 -115.275 -4002.04 130.386 97.9485 356.426 -3813.47
ENERGY:      61        66.8354       217.3457       265.4667        10.1605         -20880.5442       775.1455         0.0000         0.0000         0.0000         -19545.5903         0.0000    -19545.5903    -19545.5903         0.0000           8813.1725     -3878.5156     86856.0000      8813.1725     -3878.5156

PRESSURE: 62 8466.77 115.238 -116.2 115.238 8835.66 -283.315 -116.2 -283.315 8853.02
GPRESSURE: 62 -4127.02 62.5237 -146.619 -135.244 -4034.59 41.7019 15.0082 192.432 -3987.72
ENERGY:      62       171.5124       240.2694       265.7476         9.9557         -20991.9291       766.0137         0.0000         0.0000         0.0000         -19538.4304         0.0000    -19538.4304    -19538.4304         0.0000           8718.4832     -4049.7766     86856.0000      8718.4832     -4049.7766

LINE MINIMIZER BRACKET: DX 0.000980628 0.000980628 DU -167.869 7.15989 DUDX -259920 -82228.3 96251.7 
PRESSURE: 63 8592.47 112.97 -110.044 112.97 8821.21 -229.465 -110.044 -229.465 8920.33
GPRESSURE: 63 -3950.34 74.2819 -150.426 -123.096 -4010.16 92.7236 55.81 284.342 -3880.82
ENERGY:      63       101.2133       222.1228       265.5110         9.9220         -20933.0676       770.2236         0.0000         0.0000         0.0000         -19564.0749         0.0000    -19564.0749    -19564.0749         0.0000           8778.0011     -3947.1084     86856.0000      8778.0011     -3947.1084

LINE MINIMIZER BRACKET: DX 0.000450328 0.0005303 DU -18.4846 25.6445 DUDX -82228.3 -324.14 96251.7 
PRESSURE: 64 8580.85 113.4 -110.921 113.4 8823.16 -234.58 -110.921 -234.58 8914.77
GPRESSURE: 64 -3966.88 73.2389 -150.502 -124.162 -4011.89 87.9464 51.3091 275.491 -3890.18
ENERGY:      64       106.7967       223.3214       265.5259         9.9102         -20939.1033       769.7253         0.0000         0.0000         0.0000         -19563.8238         0.0000    -19563.8238    -19563.8238         0.0000           8772.9283     -3956.3150     86856.0000      8772.9283     -3956.3150

LINE MINIMIZER BRACKET: DX 0.000450328 5.303e-05 DU -18.4846 0.25109 DUDX -82228.3 -324.14 9331.76 
PRESSURE: 65 8591.32 113.013 -110.137 113.013 8821.41 -229.973 -110.137 -229.973 8919.79
GPRESSURE: 65 -3951.98 74.1772 -150.44 -123.204 -4010.32 92.2497 55.3537 283.462 -3881.74
ENERGY:      65       101.7571       222.2365       265.5124         9.9206         -20933.6721       770.1730         0.0000         0.0000         0.0000         -19564.0725         0.0000    -19564.0725    -19564.0725         0.0000           8777.5046     -3948.0164     86856.0000      8777.5046     -3948.0164

LINE MINIMIZER BRACKET: DX 0.000450328 5.303e-06 DU -18.4846 0.00248189 DUDX -82228.3 -324.14 641.232 
PRESSURE: 66 8592.23 112.979 -110.063 112.979 8821.25 -229.569 -110.063 -229.569 8920.22
GPRESSURE: 66 -3950.68 74.2608 -150.428 -123.117 -4010.2 92.6267 55.7169 284.162 -3881.01
ENERGY:      66       101.3243       222.1459       265.5113         9.9217         -20933.1912       770.2132         0.0000         0.0000         0.0000         -19564.0748         0.0000    -19564.0748    -19564.0748         0.0000           8777.8995     -3947.2940     86856.0000      8777.8995     -3947.2940

LINE MINIMIZER BRACKET: DX 0.000450328 1.08496e-06 DU -18.4846 0.000123066 DUDX -82228.3 -324.14 -126.789 
PRESSURE: 67 8592.47 112.97 -110.044 112.97 8821.21 -229.465 -110.044 -229.465 8920.33
GPRESSURE: 67 -3950.34 74.2818 -150.426 -123.096 -4010.16 92.7235 55.8101 284.342 -3880.82
ENERGY:      67       101.2133       222.1227       265.5110         9.9220         -20933.0673       770.2236         0.0000         0.0000         0.0000         -19564.0747         0.0000    -19564.0747    -19564.0747         0.0000           8778.0012     -3947.1082     86856.0000      8778.0012     -3947.1082

LINE MINIMIZER REDUCING GRADIENT FROM 304892 TO 304.892
PRESSURE: 68 8448.86 61.0214 -165.958 61.0214 8536.92 -246.28 -165.958 -246.28 8687.47
GPRESSURE: 68 -4180.99 -12.4502 -253.604 -95.7917 -4410.04 91.7611 61.6256 247.737 -4269.99
ENERGY:      68        66.3373       223.6243       265.5694        10.3962         -21084.8644       752.0899         0.0000         0.0000         0.0000         -19766.8473         0.0000    -19766.8473    -19766.8473         0.0000           8557.7502     -4287.0081     86856.0000      8557.7502     -4287.0081

PRESSURE: 69 8189.31 -8.12972 -254.938 -8.12972 8190.59 -287.564 -254.938 -287.564 8424.95
GPRESSURE: 69 -4535.54 -108.012 -365.878 -75.3639 -4880.26 71.8744 56.3832 189.186 -4694.57
ENERGY:      69       157.2508       269.5356       266.9990        16.2421         -21217.6943       743.5184         0.0000         0.0000         0.0000         -19764.1485         0.0000    -19764.1485    -19764.1485         0.0000           8268.2836     -4703.4544     86856.0000      8268.2836     -4703.4544

LINE MINIMIZER BRACKET: DX 0.00100381 0.00100381 DU -202.773 2.69885 DUDX -304892 -99702.1 102427 
PRESSURE: 70 8337.05 29.6381 -205.549 29.6381 8375.97 -263.137 -205.549 -263.137 8563.06
GPRESSURE: 70 -4338.04 -57.7381 -307.376 -84.8774 -4630.24 84.4104 60.2626 222.06 -4472.65
ETITLE:      TS           BOND          ANGLE          DIHED          IMPRP               ELECT            VDW       BOUNDARY           MISC        KINETIC               TOTAL           TEMP      POTENTIAL         TOTAL3        TEMPAVG            PRESSURE      GPRESSURE         VOLUME       PRESSAVG      GPRESSAVG

ENERGY:      70        95.2360       240.3257       266.0827        12.5241         -21151.8620       746.7127         0.0000         0.0000         0.0000         -19790.9808         0.0000    -19790.9808    -19790.9808         0.0000           8425.3615     -4480.3101     86856.0000      8425.3615     -4480.3101

LINE MINIMIZER BRACKET: DX 0.000488727 0.000515085 DU -24.1335 26.8324 DUDX -99702.1 -754.959 102427 
PRESSURE: 71 8323.64 26.082 -210.152 26.082 8358.15 -265.262 -210.152 -265.262 8549.55
GPRESSURE: 71 -4356.35 -62.6469 -313.145 -83.83 -4654.43 83.3859 59.9783 219.04 -4494.49
ENERGY:      71        99.9948       242.7077       266.1567        12.8254         -21158.6748       746.2788         0.0000         0.0000         0.0000         -19790.7114         0.0000    -19790.7114    -19790.7114         0.0000           8410.4449     -4501.7545     86856.0000      8410.4449     -4501.7545

LINE MINIMIZER BRACKET: DX 0.000488727 5.15085e-05 DU -24.1335 0.269455 DUDX -99702.1 -754.959 9625.19 
PRESSURE: 72 8335.73 29.2859 -206.007 29.2859 8374.2 -263.344 -206.007 -263.344 8561.71
GPRESSURE: 72 -4339.86 -58.2266 -307.955 -84.7706 -4632.65 84.3126 60.2333 221.763 -4474.83
ENERGY:      72        95.6972       240.5585       266.0899        12.5535         -21152.5449       746.6682         0.0000         0.0000         0.0000         -19790.9776         0.0000    -19790.9776    -19790.9776         0.0000           8423.8790     -4482.4442     86856.0000      8423.8790     -4482.4442

LINE MINIMIZER BRACKET: DX 0.000488727 5.15085e-06 DU -24.1335 0.00322547 DUDX -99702.1 -754.959 283.304 
LINE MINIMIZER REDUCING GRADIENT FROM 317685 TO 317.685
PRESSURE: 73 8383.53 156.938 -65.5422 156.938 8432.84 -223.259 -65.5422 -223.259 8577.45
GPRESSURE: 73 -4393.97 48.3654 -86.3636 77.9579 -4626.71 176.118 200.907 260.507 -4544.27
ENERGY:      73        71.6198       234.6730       265.5385        13.1294         -21292.8050       734.8330         0.0000         0.0000         0.0000         -19973.0112         0.0000    -19973.0112    -19973.0112         0.0000           8464.6072     -4521.6489     86856.0000      8464.6072     -4521.6489

PRESSURE: 74 8327.65 246.82 77.1611 246.82 8417.7 -233.857 77.1611 -233.857 8522.36
GPRESSURE: 74 -4542.32 120.883 145.525 205.569 -4694.21 216.679 349.776 246.991 -4686.45
ENERGY:      74       217.0846       272.1437       265.4929        16.0535         -21411.7355       733.5309         0.0000         0.0000         0.0000         -19907.4300         0.0000    -19907.4300    -19907.4300         0.0000           8422.5683     -4640.9924     86856.0000      8422.5683     -4640.9924

LINE MINIMIZER BRACKET: DX 0.000960081 0.000960081 DU -182.034 65.5812 DUDX -317685 -61473 197226 
PRESSURE: 75 8379.74 181.729 -31.7858 181.729 8435.88 -221.31 -31.7858 -221.31 8570.85
GPRESSURE: 75 -4420.49 68.7327 -32.3197 111.398 -4636.12 190.213 235.647 262.01 -4571.2
ENERGY:      75        90.6581       239.6736       265.4843        13.5950         -21322.7853       733.5667         0.0000         0.0000         0.0000         -19979.8075         0.0000    -19979.8075    -19979.8075         0.0000           8462.1563     -4542.6029     86856.0000      8462.1563     -4542.6029

LINE MINIMIZER BRACKET: DX 0.000227379 0.000732702 DU -6.79629 72.3775 DUDX -61473 -472.816 197226 
PRESSURE: 76 8377.28 189.254 -20.8855 189.254 8435.98 -221.251 -20.8855 -221.251 8567.85
GPRESSURE: 76 -4430.17 74.8512 -14.7288 121.749 -4640.04 194.232 246.916 261.893 -4580.8
ENERGY:      76        98.8250       241.8020       265.4733        13.7736         -21332.2443       733.2849         0.0000         0.0000         0.0000         -19979.0856         0.0000    -19979.0856    -19979.0856         0.0000           8460.3702     -4550.3391     86856.0000      8460.3702     -4550.3391

LINE MINIMIZER BRACKET: DX 0.000227379 7.32702e-05 DU -6.79629 0.721961 DUDX -61473 -472.816 19243.1 
PRESSURE: 77 8379.51 182.494 -30.6951 182.494 8435.91 -221.286 -30.6951 -221.286 8570.58
GPRESSURE: 77 -4421.44 69.3563 -30.5631 112.444 -4636.49 190.633 236.773 262.017 -4572.14
ENERGY:      77        91.4302       239.8751       265.4830        13.6122         -21323.7362       733.5358         0.0000         0.0000         0.0000         -19979.7999         0.0000    -19979.7999    -19979.7999         0.0000           8461.9982     -4543.3566     86856.0000      8461.9982     -4543.3566

LINE MINIMIZER BRACKET: DX 0.000227379 7.32702e-06 DU -6.79629 0.0076449 DUDX -61473 -472.816 1497.68 
PRESSURE: 78 8379.7 181.849 -31.6142 181.849 8435.89 -221.306 -31.6142 -221.306 8570.82
GPRESSURE: 78 -4420.63 68.8303 -32.045 111.561 -4636.17 190.278 235.825 262.011 -4571.34
ENERGY:      78        90.7778       239.7048       265.4840        13.5977         -21322.9324       733.5619         0.0000         0.0000         0.0000         -19979.8061         0.0000    -19979.8061    -19979.8061         0.0000           8462.1351     -4542.7167     86856.0000      8462.1351     -4542.7167

LINE MINIMIZER BRACKET: DX 0.000227379 1.14244e-06 DU -6.79629 0.00142545 DUDX -61473 -472.816 -166.077 
PRESSURE: 79 8379.74 181.729 -31.786 181.729 8435.88 -221.311 -31.786 -221.311 8570.85
GPRESSURE: 79 -4420.49 68.7332 -32.3209 111.398 -4636.12 190.212 235.647 262.009 -4571.2
ENERGY:      79        90.6581       239.6736       265.4842        13.5950         -21322.7844       733.5667         0.0000         0.0000         0.0000         -19979.8067         0.0000    -19979.8067    -19979.8067         0.0000           8462.1565     -4542.6023     86856.0000      8462.1565     -4542.6023

LINE MINIMIZER REDUCING GRADIENT FROM 331404 TO 331.404
PRESSURE: 80 8133.28 -1.38432 -9.62893 -1.38432 8428.15 -277.025 -9.62893 -277.025 8565.68
GPRESSURE: 80 -4808.83 -96.3328 68.3585 -105.072 -4745.36 182.336 241.596 203.326 -4687.94
ETITLE:      TS           BOND          ANGLE          DIHED          IMPRP               ELECT            VDW       BOUNDARY           MISC        KINETIC               TOTAL           TEMP      POTENTIAL         TOTAL3        TEMPAVG            PRESSURE      GPRESSURE         VOLUME       PRESSAVG      GPRESSAVG

ENERGY:      80        65.6402       239.6765       264.3063         8.9741         -21461.5591       732.7138         0.0000         0.0000         0.0000         -20150.2483         0.0000    -20150.2483    -20150.2483         0.0000           8375.7030     -4747.3772     86856.0000      8375.7030     -4747.3772

PRESSURE: 81 7736.39 -240.399 -3.46003 -240.399 8358.85 -358.259 -3.46003 -358.259 8523.55
GPRESSURE: 81 -5344.51 -304.869 172.961 -367.172 -4925.88 143.762 251.602 116.284 -4850.58
ENERGY:      81       209.7651       291.6421       265.2585         8.9388         -21577.5296       744.4344         0.0000         0.0000         0.0000         -20057.4908         0.0000    -20057.4908    -20057.4908         0.0000           8206.2640     -5040.3255     86856.0000      8206.2640     -5040.3255

LINE MINIMIZER BRACKET: DX 0.000911447 0.000911447 DU -170.442 92.7575 DUDX -331404 -43086.2 244729 
PRESSURE: 82 8083.67 -33.2731 -7.5872 -33.2731 8421.66 -287.503 -7.5872 -287.503 8561.78
GPRESSURE: 82 -4879.26 -124.52 83.5407 -140.986 -4767.74 178.498 243.007 192.088 -4709.05
ENERGY:      82        76.4237       244.0264       264.3167         8.6898         -21480.1100       733.6489         0.0000         0.0000         0.0000         -20153.0044         0.0000    -20153.0044    -20153.0044         0.0000           8355.7042     -4785.3492     86856.0000      8355.7042     -4785.3492

LINE MINIMIZER BRACKET: DX 0.000135551 0.000775896 DU -2.75611 95.5136 DUDX -43086.2 -394.176 244729 
PRESSURE: 83 8053.87 -52.1485 -6.60178 -52.1485 8417.34 -293.736 -6.60178 -293.736 8559.13
GPRESSURE: 83 -4921.03 -141.065 92.4341 -162.042 -4781.27 176.117 243.805 185.494 -4721.71
ENERGY:      83        84.2851       247.0531       264.3442         8.5717         -21490.6006       734.3109         0.0000         0.0000         0.0000         -20152.0357         0.0000    -20152.0357    -20152.0357         0.0000           8343.4448     -4808.0054     86856.0000      8343.4448     -4808.0054

LINE MINIMIZER BRACKET: DX 0.000135551 7.75896e-05 DU -2.75611 0.968683 DUDX -43086.2 -394.176 24143 
PRESSURE: 84 8080.74 -35.1417 -7.48061 -35.1417 8421.25 -288.117 -7.48061 -288.117 8561.53
GPRESSURE: 84 -4883.38 -126.16 84.4299 -143.076 -4769.06 178.269 243.088 191.438 -4710.3
ENERGY:      84        77.1547       244.3117       264.3188         8.6765         -21481.1652       733.7110         0.0000         0.0000         0.0000         -20152.9924         0.0000    -20152.9924    -20152.9924         0.0000           8354.5075     -4787.5830     86856.0000      8354.5075     -4787.5830

LINE MINIMIZER BRACKET: DX 0.000135551 7.75896e-06 DU -2.75611 0.0120407 DUDX -43086.2 -394.176 2058.74 
PRESSURE: 85 8083.37 -33.4597 -7.57568 -33.4597 8421.62 -287.565 -7.57568 -287.565 8561.75
GPRESSURE: 85 -4879.67 -124.684 83.6294 -141.195 -4767.87 178.474 243.016 192.022 -4709.18
ENERGY:      85        76.4971       244.0549       264.3169         8.6884         -21480.2159       733.6552         0.0000         0.0000         0.0000         -20153.0034         0.0000    -20153.0034    -20153.0034         0.0000           8355.5839     -4785.5739     86856.0000      8355.5839     -4785.5739

LINE MINIMIZER BRACKET: DX 0.000135551 7.85806e-07 DU -2.75611 0.00104998 DUDX -43086.2 -394.176 -146.78 
PRESSURE: 86 8083.67 -33.2723 -7.5869 -33.2723 8421.66 -287.503 -7.5869 -287.503 8561.78
GPRESSURE: 86 -4879.26 -124.52 83.5388 -140.985 -4767.73 178.497 243.007 192.087 -4709.05
ENERGY:      86        76.4236       244.0262       264.3167         8.6898         -21480.1090       733.6489         0.0000         0.0000         0.0000         -20153.0038         0.0000    -20153.0038    -20153.0038         0.0000           8355.7042     -4785.3485     86856.0000      8355.7042     -4785.3485

LINE MINIMIZER REDUCING GRADIENT FROM 205908 TO 205.908
PRESSURE: 87 8354.88 104.261 -80.1358 104.261 8522.52 -209.904 -80.1358 -209.904 8421.72
GPRESSURE: 87 -4605.14 10.46 -85.6751 53.775 -4719.68 240.11 136.412 301.519 -4963.43
ENERGY:      87        67.0987       234.3588       262.7469         8.9087         -21609.6073       735.2969         0.0000         0.0000         0.0000         -20301.1974         0.0000    -20301.1974    -20301.1974         0.0000           8433.0393     -4762.7474     86856.0000      8433.0393     -4762.7474

PRESSURE: 88 8518.67 220.454 -146.706 220.454 8573 -148.566 -146.706 -148.566 8221
GPRESSURE: 88 -4460.01 139.085 -244.677 241.85 -4744.86 275.167 41.5392 388.57 -5287.14
ENERGY:      88       195.8279       275.4706       263.3167        14.6137         -21720.6857       747.5552         0.0000         0.0000         0.0000         -20223.9016         0.0000    -20223.9016    -20223.9016         0.0000           8437.5576     -4830.6679     86856.0000      8437.5576     -4830.6679

LINE MINIMIZER BRACKET: DX 0.00126955 0.00126955 DU -148.194 77.2957 DUDX -205908 -27716 148278 
PRESSURE: 89 8387.75 123.908 -90.9752 123.908 8533.72 -199.395 -90.9752 -199.395 8394.1
GPRESSURE: 89 -4573.78 31.1595 -111.404 83.6798 -4718.78 247.291 120.676 316.36 -5009.75
ENERGY:      89        78.1155       237.4674       262.6865         9.4826         -21628.0854       736.5026         0.0000         0.0000         0.0000         -20303.8308         0.0000    -20303.8308    -20303.8308         0.0000           8438.5270     -4767.4390     86856.0000      8438.5270     -4767.4390

LINE MINIMIZER BRACKET: DX 0.000198571 0.00107098 DU -2.63348 79.9292 DUDX -27716 -71.5825 148278 
LINE MINIMIZER REDUCING GRADIENT FROM 199374 TO 199.374
PRESSURE: 90 7836.11 69.6303 -21.386 69.6303 8202.03 -256.591 -21.386 -256.591 8234.44
GPRESSURE: 90 -5264.62 -79.7941 -15.2949 10.4249 -5100.07 169.374 116.39 191.583 -5188.78
ETITLE:      TS           BOND          ANGLE          DIHED          IMPRP               ELECT            VDW       BOUNDARY           MISC        KINETIC               TOTAL           TEMP      POTENTIAL         TOTAL3        TEMPAVG            PRESSURE      GPRESSURE         VOLUME       PRESSAVG      GPRESSAVG

ENERGY:      90        67.7903       233.8574       261.8582        10.1587         -21733.8109       742.6473         0.0000         0.0000         0.0000         -20417.4990         0.0000    -20417.4990    -20417.4990         0.0000           8090.8586     -5184.4901     86856.0000      8090.8586     -5184.4901

PRESSURE: 91 7182.44 -1.65584 56.9389 -1.65584 7845.38 -317.855 56.9389 -317.855 8039.57
GPRESSURE: 91 -6061.14 -205.532 98.0718 -78.5729 -5507.48 87.7158 131.282 62.4943 -5408.26
ENERGY:      91       165.9974       260.6077       261.4496        11.7906         -21828.4143       755.1580         0.0000         0.0000         0.0000         -20373.4110         0.0000    -20373.4110    -20373.4110         0.0000           7689.1321     -5658.9608     86856.0000      7689.1321     -5658.9608

LINE MINIMIZER BRACKET: DX 0.000963588 0.000963588 DU -113.668 44.0881 DUDX -199374 -36430.5 127651 
PRESSURE: 92 7700.07 55.3044 -4.78564 55.3044 8125.1 -269.842 -4.78564 -269.842 8194.24
GPRESSURE: 92 -5432 -106.355 8.32331 -7.99676 -5188.16 151.556 118.008 163.269 -5233.92
ENERGY:      92        80.2261       237.1189       261.7313        10.4377         -21755.6862       744.8551         0.0000         0.0000         0.0000         -20421.3171         0.0000    -20421.3171    -20421.3171         0.0000           8006.4683     -5284.6897     86856.0000      8006.4683     -5284.6897

LINE MINIMIZER BRACKET: DX 0.000213568 0.00075002 DU -3.81811 47.9062 DUDX -36430.5 -187.373 127651 
LINE MINIMIZER REDUCING GRADIENT FROM 208127 TO 208.127
PRESSURE: 93 7827.6 51.3734 -51.7591 51.3734 8075.26 -316.19 -51.7591 -316.19 8133.78
GPRESSURE: 93 -5334.22 -96.4797 2.64856 13.3155 -5250.32 117.841 77.3342 71.4583 -5349.8
ENERGY:      93        72.5561       225.2727       261.7985         9.7291         -21864.0819       752.0655         0.0000         0.0000         0.0000         -20542.6600         0.0000    -20542.6600    -20542.6600         0.0000           8012.2140     -5311.4469     86856.0000      8012.2140     -5311.4469

PRESSURE: 94 7862.39 10.072 -116.333 10.072 7993.58 -371.36 -116.333 -371.36 8067.31
GPRESSURE: 94 -5333.72 -117.249 -23.2796 5.53325 -5344.19 72.7797 15.2057 -31.3716 -5478.62
ENERGY:      94       150.1270       245.0048       262.5869        12.7895         -21960.1189       766.2057         0.0000         0.0000         0.0000         -20523.4051         0.0000    -20523.4051    -20523.4051         0.0000           7974.4279     -5385.5114     86856.0000      7974.4279     -5385.5114

LINE MINIMIZER BRACKET: DX 0.000923465 0.000923465 DU -121.343 19.2549 DUDX -208127 -55190.8 95529.6 
PRESSURE: 95 7851.08 40.7034 -73.1279 40.7034 8049.07 -335.275 -73.1279 -335.275 8110.22
GPRESSURE: 95 -5322.66 -100.286 -4.29485 13.9959 -5281.23 102.789 57.3762 35.4417 -5395.15
ENERGY:      95        90.8819       228.7685       262.0194        10.4759         -21900.3353       756.3764         0.0000         0.0000         0.0000         -20551.8132         0.0000    -20551.8132    -20551.8132         0.0000           8003.4565     -5333.0135     86856.0000      8003.4565     -5333.0135

LINE MINIMIZER BRACKET: DX 0.000335125 0.00058834 DU -9.15319 28.4081 DUDX -55190.8 -271.385 95529.6 
PRESSURE: 96 7853.92 38.3231 -77.1301 38.3231 8044.08 -338.744 -77.1301 -338.744 8106.01
GPRESSURE: 96 -5321.97 -101.384 -5.80029 13.726 -5287.04 99.9943 53.5679 28.9712 -5403.29
ENERGY:      96        95.2568       229.8133       262.0663        10.6527         -21906.5414       757.2290         0.0000         0.0000         0.0000         -20551.5235         0.0000    -20551.5235    -20551.5235         0.0000           8001.3391     -5337.4325     86856.0000      8001.3391     -5337.4325

LINE MINIMIZER BRACKET: DX 0.000335125 5.8834e-05 DU -9.15319 0.289727 DUDX -55190.8 -271.385 9351.22 
PRESSURE: 97 7851.38 40.4731 -73.5224 40.4731 8048.58 -335.621 -73.5224 -335.621 8109.8
GPRESSURE: 97 -5322.57 -100.389 -4.43909 13.975 -5281.8 102.512 57.001 34.7967 -5395.96
ENERGY:      97        91.3038       228.8671       262.0240        10.4930         -21900.9577       756.4603         0.0000         0.0000         0.0000         -20551.8094         0.0000    -20551.8094    -20551.8094         0.0000           8003.2542     -5333.4452     86856.0000      8003.2542     -5333.4452

LINE MINIMIZER BRACKET: DX 0.000335125 5.8834e-06 DU -9.15319 0.00375055 DUDX -55190.8 -271.385 690.985 
PRESSURE: 98 7851.12 40.6709 -73.1867 40.6709 8049 -335.327 -73.1867 -335.327 8110.16
GPRESSURE: 98 -5322.65 -100.299 -4.3167 13.9938 -5281.31 102.748 57.3203 35.3455 -5395.27
ENERGY:      98        90.9446       228.7830       262.0201        10.4785         -21900.4280       756.3889         0.0000         0.0000         0.0000         -20551.8129         0.0000    -20551.8129    -20551.8129         0.0000           8003.4268     -5333.0772     86856.0000      8003.4268     -5333.0772

LINE MINIMIZER BRACKET: DX 0.000335125 8.78386e-07 DU -9.15319 0.000327545 DUDX -55190.8 -271.385 -128.007 
PRESSURE: 99 7851.08 40.7035 -73.1274 40.7035 8049.07 -335.275 -73.1274 -335.275 8110.22
GPRESSURE: 99 -5322.66 -100.286 -4.29474 13.9954 -5281.23 102.79 57.3764 35.4417 -5395.15
ENERGY:      99        90.8818       228.7684       262.0194        10.4759         -21900.3350       756.3764         0.0000         0.0000         0.0000         -20551.8130         0.0000    -20551.8130    -20551.8130         0.0000           8003.4566     -5333.0132     86856.0000      8003.4566     -5333.0132

LDB: ============= START OF LOAD BALANCING ============== 17.5549
LDB: ============== END OF LOAD BALANCING =============== 17.5549
LDB: =============== DONE WITH MIGRATION ================ 17.5549
LINE MINIMIZER REDUCING GRADIENT FROM 198732 TO 198.732
PRESSURE: 100 7851.08 40.7035 -73.1274 40.7035 8049.07 -335.275 -73.1274 -335.275 8110.22
GPRESSURE: 100 -5322.66 -100.286 -4.29474 13.9954 -5281.23 102.79 57.3764 35.4417 -5395.15
Info: Initial time: 1 CPUs 0.025553 s/step 0.147876 days/ns 0.440522 MB memory
ETITLE:      TS           BOND          ANGLE          DIHED          IMPRP               ELECT            VDW       BOUNDARY           MISC        KINETIC               TOTAL           TEMP      POTENTIAL         TOTAL3        TEMPAVG            PRESSURE      GPRESSURE         VOLUME       PRESSAVG      GPRESSAVG

ENERGY:     100        90.8818       228.7684       262.0194        10.4759         -21900.3350       756.3764         0.0000         0.0000         0.0000         -20551.8130         0.0000    -20551.8130    -20551.8130         0.0000           8003.4566     -5333.0132     86856.0000      8003.4566     -5333.0132

REINITIALIZING VELOCITIES AT STEP 100 TO 310 KELVIN.
TCL: Running for 2500 steps
PRESSURE: 100 -3975.61 -1.38378 7.77076 -1.38378 -4267.3 150.365 7.77076 150.365 -4229.03
GPRESSURE: 100 -4051.92 -52.9172 31.0403 13.9481 -4135.56 116.588 35.4521 62.697 -4185.52
ENERGY:     100        90.8818       228.7684       262.0194        10.4759         -21900.3350       756.3764         0.0000         0.0000      4495.1746         -16056.6385       307.6815    -20551.8130    -16065.3035       307.6815          -4157.3150     -4124.3355     86856.0000     -4157.3150     -4124.3355

LDB: ============= START OF LOAD BALANCING ============== 18.7216
LDB: ============== END OF LOAD BALANCING =============== 18.7217
LDB: =============== DONE WITH MIGRATION ================ 18.7217
Info: Initial time: 1 CPUs 0.0241971 s/step 0.140029 days/ns 0.440522 MB memory
LDB: ============= START OF LOAD BALANCING ============== 19.9115
LDB: ============== END OF LOAD BALANCING =============== 19.9115
LDB: =============== DONE WITH MIGRATION ================ 19.9116
PRESSURE: 200 -274.074 250.103 315.245 250.103 -328.945 -295.193 315.245 -295.193 235.075
GPRESSURE: 200 -139.63 391.549 360.281 63.5314 -282.645 -315.609 25.7237 -177.012 179.854
PRESSAVG: 200 -189.799 -50.1401 67.0301 -50.1401 -16.7795 61.2373 67.0301 61.2373 149.415
GPRESSAVG: 200 -182.287 -58.5771 77.6773 -48.6758 -21.5526 62.9074 62.0021 54.5324 146.124
Info: Benchmark time: 1 CPUs 0.0239559 s/step 0.138634 days/ns 0.440522 MB memory
ENERGY:     200       180.5522       555.4187       327.5566        28.3130         -22943.9397      1588.8363         0.0000         0.0000      4254.0822         -16009.1807       291.1795    -20263.2629    -16000.9009       267.7872           -122.6484       -80.8071     79075.4110       -19.0546       -19.2387

Info: Benchmark time: 1 CPUs 0.0237524 s/step 0.137456 days/ns 0.440522 MB memory
OPENING COORDINATE DCD FILE
WRITING COORDINATES TO DCD FILE ubq_wb_eq.dcd AT STEP 250
The last position output (seq=250) takes 0.000 seconds, 0.441 MB of memory in use
PRESSURE: 300 -138.335 351.221 1.66857 351.221 253.366 228.724 1.66857 228.724 742.088
GPRESSURE: 300 -62.2907 393.147 147.75 293.313 261.045 148.863 67.6641 449.003 765.183
PRESSAVG: 300 -113.031 189.445 -163.552 189.445 -84.2666 77.2607 -163.552 77.2607 145.551
GPRESSAVG: 300 -117.304 183.026 -169.436 189.371 -82.6555 66.1404 -150.676 92.3749 149.755
Info: Benchmark time: 1 CPUs 0.0242566 s/step 0.140374 days/ns 0.440522 MB memory
ENERGY:     300       184.8319       587.0602       326.7737        35.3020         -23369.3621      1725.1985         0.0000         0.0000      4422.9539         -16087.2421       302.7383    -20510.1959    -16078.1856       299.4698            285.7066       321.3124     76033.1315       -17.2486       -16.7347

Info: Benchmark time: 1 CPUs 0.024408 s/step 0.14125 days/ns 0.440522 MB memory
PRESSURE: 400 -159.94 -67.5239 -243.326 -67.5239 -111.649 -382.613 -243.326 -382.613 -302.193
GPRESSURE: 400 -15.9441 48.4715 -331.232 -181.123 -89.074 -479.308 -176.075 -352.489 -379.979
PRESSAVG: 400 -156.693 -1.69973 -153.314 -1.69973 33.0759 -31.4589 -153.314 -31.4589 86.0679
GPRESSAVG: 400 -151.063 3.19866 -164.07 -0.629268 28.0661 -15.4036 -159.713 -49.466 84.3505
Info: Benchmark time: 1 CPUs 0.0247798 s/step 0.143402 days/ns 0.440522 MB memory
ENERGY:     400       181.5979       599.1947       319.8013        35.9586         -23406.9305      1610.7161         0.0000         0.0000      4551.2902         -16108.3717       311.5225    -20659.6619    -16097.4371       309.1114           -191.2607      -161.6656     74435.2711       -12.5162       -12.8820

Info: Benchmark time: 1 CPUs 0.0248914 s/step 0.144047 days/ns 0.440522 MB memory
PRESSURE: 500 -597.155 18.0695 -178.025 18.0695 613.223 234.342 -178.025 234.342 1154.74
GPRESSURE: 500 -469.66 53.3364 -198.455 19.9629 695.967 170.934 -385.652 162.13 1017.27
PRESSAVG: 500 82.4639 167.888 35.5144 167.888 -152.103 -116.518 35.5144 -116.518 62.1286
GPRESSAVG: 500 77.9851 178.148 51.3036 155.854 -151.534 -129.689 32.685 -115.287 64.2503
ENERGY:     500       177.4092       602.7736       329.9892        37.9107         -23439.8582      1606.8621         0.0000         0.0000      4530.5769         -16154.3365       310.1047    -20684.9134    -16142.3024       308.8611            390.2685       414.5266     73045.4776        -2.5035        -3.0995

WRITING EXTENDED SYSTEM TO RESTART FILE AT STEP 500
WRITING COORDINATES TO DCD FILE ubq_wb_eq.dcd AT STEP 500
WRITING COORDINATES TO RESTART FILE AT STEP 500
FINISHED WRITING RESTART COORDINATES
The last position output (seq=500) takes 0.000 seconds, 0.441 MB of memory in use
WRITING VELOCITIES TO RESTART FILE AT STEP 500
FINISHED WRITING RESTART VELOCITIES
The last velocity output (seq=500) takes 0.000 seconds, 0.441 MB of memory in use
PRESSURE: 600 -33.4043 108.5 159.18 108.5 -597.866 -51.5703 159.18 -51.5703 -752.612
GPRESSURE: 600 -129.09 131.265 120.63 8.60562 -552.514 -173.835 241.316 -50.7459 -608.013
PRESSAVG: 600 -190.348 94.9187 -73.6388 94.9187 0.129134 -219.684 -73.6388 -219.684 168.238
GPRESSAVG: 600 -194.404 101.517 -76.8565 94.7092 -1.73943 -208.874 -76.9732 -218.868 173.213
ENERGY:     600       208.2242       647.1443       323.1240        33.6661         -23423.1336      1506.1793         0.0000         0.0000      4532.1113         -16172.6845       310.2098    -20704.7958    -16157.0187       311.3158           -461.2942      -429.8723     72466.3469        -7.3269        -7.6434

PRESSURE: 700 -121.352 -851.883 -1.98091 -851.883 -33.8485 141.895 -1.98091 141.895 227.74
GPRESSURE: 700 -298.715 -771.158 40.117 -870.222 23.1798 203.762 -114.039 118.321 442.847
PRESSAVG: 700 -167.486 170.654 -73.6388 170.654 106.5 14.7581 -73.6388 14.7581 1.13605
GPRESSAVG: 700 -164.384 170.553 -77.1539 167.924 110.778 6.14376 -73.5966 15.579 -6.42971
ENERGY:     700       198.4201       619.2244       298.4576        35.3933         -23548.9102      1578.3321         0.0000         0.0000      4652.9458         -16166.1368       318.4805    -20819.0827    -16148.8316       312.7199             24.1801        55.7705     72354.7263       -19.9499       -20.0117

WRITING COORDINATES TO DCD FILE ubq_wb_eq.dcd AT STEP 750
The last position output (seq=750) takes 0.000 seconds, 0.441 MB of memory in use
PRESSURE: 800 463.742 -282.809 274.742 -282.809 333.34 -262.365 274.742 -262.365 -95.9556
GPRESSURE: 800 511.301 -319.623 81.4078 -74.2037 434.224 -202.413 226.171 -253.587 -152.792
PRESSAVG: 800 68.5591 1.91277 120.002 1.91277 59.8345 11.9318 120.002 11.9318 29.1003
GPRESSAVG: 800 70.4091 -13.5922 127.194 18.0896 63.7693 9.28517 116.891 13.0915 24.0204
ENERGY:     800       209.0981       642.1748       324.8625        39.7051         -23550.6283      1538.4611         0.0000         0.0000      4600.4101         -16195.9165       314.8846    -20796.3266    -16178.7295       316.7254            233.7086       264.2442     72013.4104        52.4980        52.7329

PRESSURE: 900 959.58 409.077 -175.403 409.077 -718.314 342.209 -175.403 342.209 354.102
GPRESSURE: 900 898.193 409.859 -318.568 439.355 -507.66 167.438 -105.045 583.969 326.782
PRESSAVG: 900 -40.8492 73.1079 104.743 73.1079 -266.745 143.959 104.743 143.959 206.096
GPRESSAVG: 900 -38.8367 69.2859 87.9421 66.6739 -277.123 149.086 118.993 143.699 215.087
ENERGY:     900       213.7960       629.7330       305.6550        39.8341         -23537.0902      1581.3698         0.0000         0.0000      4572.1187         -16194.5836       312.9481    -20766.7023    -16178.6290       314.0978            198.4557       239.1052     71979.2739       -33.8327       -33.6240

PRESSURE: 1000 -1171.66 -361.145 70.506 -361.145 -46.9328 -202.107 70.506 -202.107 -316.208
GPRESSURE: 1000 -1091.81 -157.918 -13.5087 -512.541 -213.609 -424.946 126.023 -142.954 -153.698
PRESSAVG: 1000 125.872 -34.9878 23.8933 -34.9878 23.184 111.228 23.8933 111.228 -149.292
GPRESSAVG: 1000 125.761 -25.1222 37.6035 -29.9494 21.6494 107.706 23.0357 111.777 -147.042
ETITLE:      TS           BOND          ANGLE          DIHED          IMPRP               ELECT            VDW       BOUNDARY           MISC        KINETIC               TOTAL           TEMP      POTENTIAL         TOTAL3        TEMPAVG            PRESSURE      GPRESSURE         VOLUME       PRESSAVG      GPRESSAVG

ENERGY:    1000       232.3766       637.4083       322.3806        42.5109         -23576.3956      1519.9938         0.0000         0.0000      4586.1186         -16235.6068       313.9064    -20821.7255    -16219.5876       314.9017           -511.6004      -486.3729     71388.6493        -0.0786         0.1227

WRITING EXTENDED SYSTEM TO RESTART FILE AT STEP 1000
WRITING COORDINATES TO DCD FILE ubq_wb_eq.dcd AT STEP 1000
WRITING COORDINATES TO RESTART FILE AT STEP 1000
FINISHED WRITING RESTART COORDINATES
The last position output (seq=1000) takes 0.000 seconds, 0.441 MB of memory in use
WRITING VELOCITIES TO RESTART FILE AT STEP 1000
FINISHED WRITING RESTART VELOCITIES
The last velocity output (seq=1000) takes 0.000 seconds, 0.441 MB of memory in use
PRESSURE: 1100 297.792 44.791 114.275 44.791 523.209 621.57 114.275 621.57 1199.48
GPRESSURE: 1100 467.733 405.629 -83.6781 219.705 565.263 591.975 315.818 535.151 1007.89
PRESSAVG: 1100 -193.586 23.7079 118.816 23.7079 -102.631 25.8734 118.816 25.8734 251.473
GPRESSAVG: 1100 -198.944 22.3832 114.248 22.782 -88.2884 24.1817 113.469 23.3272 244.892
ENERGY:    1100       216.0095       632.8303       292.3904        42.1309         -23673.2280      1593.9918         0.0000         0.0000      4626.7911         -16269.0841       316.6903    -20895.8752    -16250.5505       315.2266            673.4938       680.2963     70756.5753       -14.9148       -14.1132

PRESSURE: 1200 -803.744 298.593 -81.5087 298.593 -285.045 -376.373 -81.5087 -376.373 178.35
GPRESSURE: 1200 -843.887 57.0495 -308.424 240.278 -186.024 -301.086 -182.909 -413.334 222.251
PRESSAVG: 1200 -105.186 30.7478 103.249 30.7478 95.2692 127.16 103.249 127.16 34.1705
GPRESSAVG: 1200 -105.918 28.1229 105.598 24.0204 87.0729 139.939 103.652 131.264 44.1594
ENERGY:    1200       217.5497       659.6442       307.8263        39.6390         -23540.1194      1437.0029         0.0000         0.0000      4564.7959         -16313.6614       312.4469    -20878.4573    -16294.2733       315.6756           -303.4798      -269.2201     69968.4177         8.0847         8.4380

WRITING COORDINATES TO DCD FILE ubq_wb_eq.dcd AT STEP 1250
The last position output (seq=1250) takes 0.000 seconds, 0.441 MB of memory in use
PRESSURE: 1300 -2.83127 -418.052 59.1759 -418.052 -1253.53 -133.874 59.1759 -133.874 187.584
GPRESSURE: 1300 -9.94969 -442.563 15.3519 -496.766 -1218.29 -29.791 203.301 -143.191 257.87
PRESSAVG: 1300 -207.819 -31.56 -10.5981 -31.56 -118.355 26.5846 -10.5981 26.5846 269.682
GPRESSAVG: 1300 -208.014 -20.0456 -14.0073 -29.2022 -112.669 19.7574 -6.40443 20.1758 266.377
ENERGY:    1300       214.5643       640.1920       307.3215        35.5825         -23572.2143      1415.2180         0.0000         0.0000      4640.0223         -16319.3137       317.5959    -20959.3360    -16300.9790       316.8848           -356.2596      -323.4564     69914.2903       -18.8308       -18.1020

PRESSURE: 1400 467.889 108.761 586.637 108.761 363.077 -451.433 586.637 -451.433 303.296
GPRESSURE: 1400 329.512 211.769 437.032 107.03 507.39 -542.75 419.576 -294.475 368.048
PRESSAVG: 1400 40.9888 132.577 58.5546 132.577 -199.33 -263.897 58.5546 -263.897 80.3871
GPRESSAVG: 1400 44.7716 115.173 62.3321 129.226 -202.218 -267.765 63.0254 -265.742 82.4194
ENERGY:    1400       228.2343       659.2309       298.0495        31.8568         -23755.5424      1514.0042         0.0000         0.0000      4769.9163         -16254.2503       326.4868    -21024.1666    -16235.6049       318.5167            378.0874       401.6500     69387.9837       -25.9848       -25.0089

PRESSURE: 1500 710.873 -534.59 -352.412 -534.59 -902.426 148.486 -352.412 148.486 -525.218
GPRESSURE: 1500 729.147 -627.589 -448.637 -330.457 -766.76 92.2833 -355.518 -62.1762 -548.044
PRESSAVG: 1500 22.6537 -153.957 -45.3826 -153.957 -58.8533 13.3212 -45.3826 13.3212 44.1127
GPRESSAVG: 1500 27.3952 -142.139 -63.2942 -150.182 -58.1697 23.0248 -43.098 8.79896 39.8865
ENERGY:    1500       246.1214       652.7662       331.6904        37.6288         -23570.5428      1410.8749         0.0000         0.0000      4613.6915         -16277.7697       315.7937    -20891.4612    -16259.7267       318.9087           -238.9236      -195.2188     69435.7406         2.6377         3.0374

WRITING EXTENDED SYSTEM TO RESTART FILE AT STEP 1500
WRITING COORDINATES TO DCD FILE ubq_wb_eq.dcd AT STEP 1500
WRITING COORDINATES TO RESTART FILE AT STEP 1500
FINISHED WRITING RESTART COORDINATES
The last position output (seq=1500) takes 0.000 seconds, 0.441 MB of memory in use
WRITING VELOCITIES TO RESTART FILE AT STEP 1500
FINISHED WRITING RESTART VELOCITIES
The last velocity output (seq=1500) takes 0.000 seconds, 0.441 MB of memory in use
PRESSURE: 1600 1179.27 -473.812 -344.956 -473.812 503.585 73.8614 -344.956 73.8614 363.065
GPRESSURE: 1600 1147.33 -280.782 -243.867 -393.963 677.134 -123.442 -378.372 60.6153 279.953
PRESSAVG: 1600 166.179 -26.2002 -200.225 -26.2002 -174.207 69.4411 -200.225 69.4411 66.429
GPRESSAVG: 1600 164.998 -25.4633 -182.772 -34.3761 -174.432 59.9874 -217.903 75.5412 68.0528
ENERGY:    1600       238.9429       641.4709       319.6198        46.3248         -23769.8803      1574.7138         0.0000         0.0000      4662.1485         -16286.6595       319.1104    -20948.8081    -16269.8721       319.6885            681.9736       701.4725     69328.3703        19.4670        19.5398

PRESSURE: 1700 -271.106 -45.2492 -100.492 -45.2492 419.68 300.421 -100.492 300.421 565.8
GPRESSURE: 1700 -265.379 -348.472 -78.364 -72.0258 257.566 281.648 -208.514 198.388 795.125
PRESSAVG: 1700 101.135 105.765 -123.4 105.765 -119.045 -110.463 -123.4 -110.463 -84.2774
GPRESSAVG: 1700 101.001 87.6164 -114.928 113.456 -120.245 -88.5055 -118.216 -119.623 -81.658
ENERGY:    1700       237.8321       691.6451       309.8956        37.7517         -23694.8412      1550.9605         0.0000         0.0000      4590.2949         -16276.4614       314.1923    -20866.7563    -16255.5500       318.7741            238.1243       262.4370     69729.0942       -34.0624       -33.6339

WRITING COORDINATES TO DCD FILE ubq_wb_eq.dcd AT STEP 1750
The last position output (seq=1750) takes 0.000 seconds, 0.441 MB of memory in use
PRESSURE: 1800 459.03 762.394 -241.732 762.394 -315.25 780.302 -241.732 780.302 140.628
GPRESSURE: 1800 492.933 732.059 -120.625 957.711 -314.288 1011.12 -180.288 363.687 215.573
PRESSAVG: 1800 -132.704 16.54 127.083 16.54 -137.606 189.649 127.083 189.649 199.777
GPRESSAVG: 1800 -137.256 38.7797 118.73 0.411328 -138.834 179.37 125.773 193.575 204.348
ENERGY:    1800       228.2859       664.6100       319.5766        34.8035         -23866.3773      1600.3932         0.0000         0.0000      4718.4200         -16300.2881       322.9620    -21018.7081    -16284.2809       318.9388             94.8028       131.4057     69297.6988       -23.5110       -23.9139

PRESSURE: 1900 113.507 848.344 -153.562 848.344 -1027.24 -337.663 -153.562 -337.663 -448.836
GPRESSURE: 1900 207.973 568.67 -282.391 945.409 -894.755 -382.454 -157.282 -81.4667 -558.526
PRESSAVG: 1900 -42.3098 93.3822 -166.062 93.3822 48.5596 217.933 -166.062 217.933 33.1558
GPRESSAVG: 1900 -42.3471 78.0645 -164.128 114.016 51.1297 223.804 -155.125 216.965 32.3261
ENERGY:    1900       220.7231       661.7197       324.5590        44.7425         -23675.7281      1475.8680         0.0000         0.0000      4606.4218         -16341.6941       315.2961    -20948.1159    -16323.0083       318.1389           -454.1895      -415.1027     69725.6408        13.1352        13.7029

PRESSURE: 2000 271.878 -284.379 -417.025 -284.379 189.121 -405.814 -417.025 -405.814 216.624
GPRESSURE: 2000 456.342 -19.4437 -383.2 -337.52 152.891 -371.802 -402.471 -120.983 201.119
PRESSAVG: 2000 375.183 192.199 -126.169 192.199 -200.526 -246.352 -126.169 -246.352 -66.162
GPRESSAVG: 2000 373.616 200.497 -137.791 187.489 -198.623 -252.574 -127.231 -242.674 -68.6119
TIMING: 2000  CPU: 51.9497, 0.0266945/step  Wall: 51.9492, 0.0266987/step, 0.00444979 hours remaining, 0.440522 MB of memory in use.
PERFORMANCE: 2000  averaging 6.47222 ns/day, 0.0266987 sec/step with standard deviation 0
ETITLE:      TS           BOND          ANGLE          DIHED          IMPRP               ELECT            VDW       BOUNDARY           MISC        KINETIC               TOTAL           TEMP      POTENTIAL         TOTAL3        TEMPAVG            PRESSURE      GPRESSURE         VOLUME       PRESSAVG      GPRESSAVG

ENERGY:    2000       230.0244       669.1077       319.9430        43.1708         -23746.5582      1537.4896         0.0000         0.0000      4621.4487         -16325.3740       316.3246    -20946.8227    -16307.3220       317.4538            225.8744       270.1171     69340.0245        36.1650        35.4604

WRITING EXTENDED SYSTEM TO RESTART FILE AT STEP 2000
WRITING COORDINATES TO DCD FILE ubq_wb_eq.dcd AT STEP 2000
WRITING COORDINATES TO RESTART FILE AT STEP 2000
FINISHED WRITING RESTART COORDINATES
The last position output (seq=2000) takes 0.000 seconds, 0.441 MB of memory in use
WRITING VELOCITIES TO RESTART FILE AT STEP 2000
FINISHED WRITING RESTART VELOCITIES
The last velocity output (seq=2000) takes 0.000 seconds, 0.441 MB of memory in use
PRESSURE: 2100 231.165 903.482 268.93 903.482 -1594.83 185.745 268.93 185.745 -302.576
GPRESSURE: 2100 141.81 1070.03 399.771 828.886 -1371.01 -247.196 -228.436 458.202 -338.27
PRESSAVG: 2100 274.462 155.046 -136.273 155.046 135.913 146.627 -136.273 146.627 -258.849
GPRESSAVG: 2100 275.827 157.832 -129.808 145.877 140.554 140.41 -134.7 154.727 -264.07
ENERGY:    2100       237.9269       691.8537       328.3838        44.0607         -23777.4213      1459.4435         0.0000         0.0000      4627.7222         -16388.0305       316.7540    -21015.7527    -16370.3352       315.7856           -555.4136      -522.4910     70031.8784        50.5087        50.7702

LDB: ============= START OF LOAD BALANCING ============== 70.8701
LDB: ============== END OF LOAD BALANCING =============== 70.8701
LDB: =============== DONE WITH MIGRATION ================ 70.8701
LDB: ============= START OF LOAD BALANCING ============== 72.225
LDB: ============== END OF LOAD BALANCING =============== 72.225
LDB: =============== DONE WITH MIGRATION ================ 72.225
PRESSURE: 2200 811.782 235.772 -438.097 235.772 -228.856 -701.437 -438.097 -701.437 -265.028
GPRESSURE: 2200 788.793 563.703 -312.969 139.426 -6.43976 -548.303 -516.725 -410.79 -334.134
PRESSAVG: 2200 223.191 287.801 148.956 287.801 84.0049 -354.576 148.956 -354.576 -392.398
GPRESSAVG: 2200 234.644 296.281 150.97 274.898 74.2546 -348.544 142.532 -372.715 -392.998
ENERGY:    2200       216.7018       691.2393       305.4997        38.1190         -23817.4219      1555.0907         0.0000         0.0000      4525.6387         -16485.1328       309.7667    -21010.7715    -16466.4985       314.0937            105.9661       149.4061     69756.3640       -28.4009       -28.0329

WRITING COORDINATES TO DCD FILE ubq_wb_eq.dcd AT STEP 2250
The last position output (seq=2250) takes 0.000 seconds, 0.441 MB of memory in use
PRESSURE: 2300 502.988 24.4021 724.732 24.4021 719.206 300.848 724.732 300.848 131.306
GPRESSURE: 2300 344.538 130.632 759.146 173.349 817.113 377.104 843.027 111.088 259.656
PRESSAVG: 2300 -25.715 112.493 -211.419 112.493 251.2 58.5201 -211.419 58.5201 -194.427
GPRESSAVG: 2300 -34.1267 93.0004 -209.292 125.051 260.128 70.9537 -213.544 61.0246 -195.723
ENERGY:    2300       237.8811       716.9821       296.0983        38.6762         -23977.1185      1643.3574         0.0000         0.0000      4510.6002         -16533.5232       308.7374    -21044.1234    -16513.5895       311.5854            451.1666       473.7691     69739.0091        10.3527        10.0928

PRESSURE: 2400 188.466 18.9725 370.156 18.9725 -683.703 314.519 370.156 314.519 182.511
GPRESSURE: 2400 70.0564 210.991 150.317 191.603 -589.845 95.6925 450.107 163.059 332.298
PRESSAVG: 2400 -60.9503 89.7135 -85.0403 89.7135 -108.492 150.691 -85.0403 150.691 80.7623
GPRESSAVG: 2400 -64.3085 95.5962 -85.9992 91.626 -108.635 143.004 -84.4513 148.994 85.3308
ENERGY:    2400       234.7758       661.2917       312.4143        38.2988         -23975.6751      1617.9676         0.0000         0.0000      4554.8366         -16556.0903       311.7652    -21110.9268    -16535.8595       310.6079           -104.2420       -62.4970     69583.8775       -29.5599       -29.2043

PRESSURE: 2500 -476.416 66.252 549.697 66.252 226.631 -17.6764 549.697 -17.6764 1.92327
GPRESSURE: 2500 -383.107 25.1421 331.927 223.789 245.304 -220.128 403.668 61.9566 -18.9191
PRESSAVG: 2500 103.101 168.325 11.1441 168.325 -336.021 209.935 11.1441 209.935 225.777
GPRESSAVG: 2500 110.072 175.177 19.3461 172.097 -347.713 208.54 11.8504 215.506 230.344
ENERGY:    2500       220.9178       650.2498       319.3400        48.3820         -24005.9487      1589.0740         0.0000         0.0000      4598.5462         -16579.4389       314.7570    -21177.9851    -16560.8112       310.1621            -82.6207       -52.2410     69634.2836        -2.3811        -2.4326

WRITING EXTENDED SYSTEM TO RESTART FILE AT STEP 2500
WRITING COORDINATES TO DCD FILE ubq_wb_eq.dcd AT STEP 2500
WRITING COORDINATES TO RESTART FILE AT STEP 2500
FINISHED WRITING RESTART COORDINATES
The last position output (seq=2500) takes 0.000 seconds, 0.441 MB of memory in use
WRITING VELOCITIES TO RESTART FILE AT STEP 2500
FINISHED WRITING RESTART VELOCITIES
The last velocity output (seq=2500) takes 0.000 seconds, 0.441 MB of memory in use
PRESSURE: 2600 -393.016 -38.0909 -291.411 -38.0909 20.839 746.156 -291.411 746.156 52.6152
GPRESSURE: 2600 -350.927 -122.684 -440.911 34.7425 -89.8525 713.529 -251.835 913.747 191.002
PRESSAVG: 2600 -250.747 128.496 125.976 128.496 122.988 190.398 125.976 190.398 -5.95932
GPRESSAVG: 2600 -253.799 126.82 117.412 123.094 134.325 193.605 121.763 187.363 -15.4326
ENERGY:    2600       229.1766       710.2762       302.7961        29.4407         -23922.1820      1495.6713         0.0000         0.0000      4535.0751         -16619.7459       310.4126    -21154.8210    -16601.0344       310.7845           -106.5205       -83.2590     69551.6986       -44.5728       -44.9689

WRITING EXTENDED SYSTEM TO OUTPUT FILE AT STEP 2600
CLOSING EXTENDED SYSTEM TRAJECTORY FILE
WRITING COORDINATES TO OUTPUT FILE AT STEP 2600
CLOSING COORDINATE DCD FILE ubq_wb_eq.dcd
WRITING VELOCITIES TO OUTPUT FILE AT STEP 2600
====================================================

WallClock: 83.335709  CPUTime: 83.254280  Memory: 0.440522 MB
[Partition 0][Node 0] End of program
